#
# There is insufficient memory for the Java Runtime Environment to continue.
# Native memory allocation (mmap) failed to map 65536 bytes for Failed to commit metaspace.
# Possible reasons:
#   The system is out of physical RAM or swap space
#   The process is running with CompressedOops enabled, and the Java Heap may be blocking the growth of the native heap
# Possible solutions:
#   Reduce memory load on the system
#   Increase physical memory or swap space
#   Check if swap backing store is full
#   Decrease Java heap size (-Xmx/-Xms)
#   Decrease number of Java threads
#   Decrease Java thread stack sizes (-Xss)
#   Set larger code cache with -XX:ReservedCodeCacheSize=
#   JVM is running with Unscaled Compressed Oops mode in which the Java heap is
#     placed in the first 4GB address space. The Java Heap base address is the
#     maximum limit for the native heap growth. Please use -XX:HeapBaseMinAddress
#     to set the Java Heap base and to place the Java Heap above 4GB virtual address.
# This output file may be truncated or incomplete.
#
#  Out of Memory Error (virtualSpaceNode.cpp:110), pid=21208, tid=21288
#
# JRE version: OpenJDK Runtime Environment Temurin-17.0.10+7 (17.0.10+7) (build 17.0.10+7)
# Java VM: OpenJDK 64-Bit Server VM Temurin-17.0.10+7 (17.0.10+7, mixed mode, emulated-client, tiered, compressed oops, compressed class ptrs, g1 gc, windows-amd64)
# No core dump will be written. Minidumps are not enabled by default on client versions of Windows
#

---------------  S U M M A R Y ------------

Command Line: -XX:+HeapDumpOnOutOfMemoryError -Xmx1024m -Dsts.lsp.client=vscode -Dsts.log.file=/dev/null -XX:TieredStopAtLevel=1 -Xlog:jni+resolve=off -Dspring.config.location=file:c:\Users\HP\.vscode\extensions\vmware.vscode-spring-boot-1.53.0\language-server\BOOT-INF\classes\application.properties org.springframework.ide.vscode.boot.app.BootLanguageServerBootApp

Host: Intel(R) Core(TM) i5-3570 CPU @ 3.40GHz, 4 cores, 7G,  Windows 10 , 64 bit Build 19041 (10.0.19041.2788)
Time: Thu Apr 25 14:26:20 2024 Libya Standard Time elapsed time: 489.339896 seconds (0d 0h 8m 9s)

---------------  T H R E A D  ---------------

Current thread (0x000001cb9aba48b0):  JavaThread "main" [_thread_in_vm, id=21288, stack(0x00000046a8f00000,0x00000046a9000000)]

Stack: [0x00000046a8f00000,0x00000046a9000000]
Native frames: (J=compiled Java code, j=interpreted, Vv=VM code, C=native code)
V  [jvm.dll+0x67d2c9]
V  [jvm.dll+0x834afa]
V  [jvm.dll+0x8365be]
V  [jvm.dll+0x836c23]
V  [jvm.dll+0x2477ff]
V  [jvm.dll+0x8307bb]
V  [jvm.dll+0x621d16]
V  [jvm.dll+0x1c183e]
V  [jvm.dll+0x624671]
V  [jvm.dll+0x6226b6]
V  [jvm.dll+0x23bd4f]
V  [jvm.dll+0x62c565]
V  [jvm.dll+0x1eb80b]
V  [jvm.dll+0x1ebd45]
V  [jvm.dll+0x1ec800]
V  [jvm.dll+0x1e1c01]
V  [jvm.dll+0x5427ce]
V  [jvm.dll+0x7aeb88]
V  [jvm.dll+0x7aec74]
V  [jvm.dll+0x4108f5]
V  [jvm.dll+0x416a79]
C  [java.dll+0x17ec]

Java frames: (J=compiled Java code, j=interpreted, Vv=VM code)
J 829  java.lang.ClassLoader.defineClass1(Ljava/lang/ClassLoader;Ljava/lang/String;[BIILjava/security/ProtectionDomain;Ljava/lang/String;)Ljava/lang/Class; java.base@17.0.10 (0 bytes) @ 0x000001cb9da894db [0x000001cb9da89420+0x00000000000000bb]
J 825 c1 java.lang.ClassLoader.defineClass(Ljava/lang/String;[BIILjava/security/ProtectionDomain;)Ljava/lang/Class; java.base@17.0.10 (43 bytes) @ 0x000001cb9da8b35c [0x000001cb9da8b260+0x00000000000000fc]
J 729 c1 jdk.internal.loader.BuiltinClassLoader.defineClass(Ljava/lang/String;Ljdk/internal/loader/Resource;)Ljava/lang/Class; java.base@17.0.10 (121 bytes) @ 0x000001cb9da660c4 [0x000001cb9da65c20+0x00000000000004a4]
J 728 c1 jdk.internal.loader.BuiltinClassLoader.findClassOnClassPathOrNull(Ljava/lang/String;)Ljava/lang/Class; java.base@17.0.10 (64 bytes) @ 0x000001cb9da65044 [0x000001cb9da64da0+0x00000000000002a4]
J 652 c1 jdk.internal.loader.BuiltinClassLoader.loadClassOrNull(Ljava/lang/String;Z)Ljava/lang/Class; java.base@17.0.10 (143 bytes) @ 0x000001cb9da3c144 [0x000001cb9da3bd00+0x0000000000000444]
J 708 c1 jdk.internal.loader.ClassLoaders$AppClassLoader.loadClass(Ljava/lang/String;Z)Ljava/lang/Class; java.base@17.0.10 (40 bytes) @ 0x000001cb9da5b8a4 [0x000001cb9da5b760+0x0000000000000144]
J 707 c1 java.lang.ClassLoader.loadClass(Ljava/lang/String;)Ljava/lang/Class; java.base@17.0.10 (7 bytes) @ 0x000001cb9da5b464 [0x000001cb9da5b420+0x0000000000000044]
v  ~StubRoutines::call_stub
j  org.springframework.ide.vscode.boot.app.SpringSymbolIndex.afterPropertiesSet()V+45
j  org.springframework.beans.factory.support.AbstractAutowireCapableBeanFactory.invokeInitMethods(Ljava/lang/String;Ljava/lang/Object;Lorg/springframework/beans/factory/support/RootBeanDefinition;)V+56
j  org.springframework.beans.factory.support.AbstractAutowireCapableBeanFactory.initializeBean(Ljava/lang/String;Ljava/lang/Object;Lorg/springframework/beans/factory/support/RootBeanDefinition;)Ljava/lang/Object;+34
j  org.springframework.beans.factory.support.AbstractAutowireCapableBeanFactory.doCreateBean(Ljava/lang/String;Lorg/springframework/beans/factory/support/RootBeanDefinition;[Ljava/lang/Object;)Ljava/lang/Object;+228
j  org.springframework.beans.factory.support.AbstractAutowireCapableBeanFactory.createBean(Ljava/lang/String;Lorg/springframework/beans/factory/support/RootBeanDefinition;[Ljava/lang/Object;)Ljava/lang/Object;+153
j  org.springframework.beans.factory.support.AbstractBeanFactory.lambda$doGetBean$0(Ljava/lang/String;Lorg/springframework/beans/factory/support/RootBeanDefinition;[Ljava/lang/Object;)Ljava/lang/Object;+4
j  org.springframework.beans.factory.support.AbstractBeanFactory$$Lambda$425+0x00000001003529b8.getObject()Ljava/lang/Object;+16
j  org.springframework.beans.factory.support.DefaultSingletonBeanRegistry.getSingleton(Ljava/lang/String;Lorg/springframework/beans/factory/ObjectFactory;)Ljava/lang/Object;+114
j  org.springframework.beans.factory.support.AbstractBeanFactory.doGetBean(Ljava/lang/String;Ljava/lang/Class;[Ljava/lang/Object;Z)Ljava/lang/Object;+429
j  org.springframework.beans.factory.support.AbstractBeanFactory.getBean(Ljava/lang/String;)Ljava/lang/Object;+5
j  org.springframework.beans.factory.config.DependencyDescriptor.resolveCandidate(Ljava/lang/String;Ljava/lang/Class;Lorg/springframework/beans/factory/BeanFactory;)Ljava/lang/Object;+2
j  org.springframework.beans.factory.support.DefaultListableBeanFactory.doResolveDependency(Lorg/springframework/beans/factory/config/DependencyDescriptor;Ljava/lang/String;Ljava/util/Set;Lorg/springframework/beans/TypeConverter;)Ljava/lang/Object;+473
j  org.springframework.beans.factory.support.DefaultListableBeanFactory.resolveDependency(Lorg/springframework/beans/factory/config/DependencyDescriptor;Ljava/lang/String;Ljava/util/Set;Lorg/springframework/beans/TypeConverter;)Ljava/lang/Object;+117
j  org.springframework.beans.factory.annotation.AutowiredAnnotationBeanPostProcessor$AutowiredFieldElement.resolveFieldValue(Ljava/lang/reflect/Field;Ljava/lang/Object;Ljava/lang/String;)Ljava/lang/Object;+81
j  org.springframework.beans.factory.annotation.AutowiredAnnotationBeanPostProcessor$AutowiredFieldElement.inject(Ljava/lang/Object;Ljava/lang/String;Lorg/springframework/beans/PropertyValues;)V+74
j  org.springframework.beans.factory.annotation.InjectionMetadata.inject(Ljava/lang/Object;Ljava/lang/String;Lorg/springframework/beans/PropertyValues;)V+68
j  org.springframework.beans.factory.annotation.AutowiredAnnotationBeanPostProcessor.postProcessProperties(Lorg/springframework/beans/PropertyValues;Ljava/lang/Object;Ljava/lang/String;)Lorg/springframework/beans/PropertyValues;+17
j  org.springframework.beans.factory.support.AbstractAutowireCapableBeanFactory.populateBean(Ljava/lang/String;Lorg/springframework/beans/factory/support/RootBeanDefinition;Lorg/springframework/beans/BeanWrapper;)V+280
j  org.springframework.beans.factory.support.AbstractAutowireCapableBeanFactory.doCreateBean(Ljava/lang/String;Lorg/springframework/beans/factory/support/RootBeanDefinition;[Ljava/lang/Object;)Ljava/lang/Object;+220
j  org.springframework.beans.factory.support.AbstractAutowireCapableBeanFactory.createBean(Ljava/lang/String;Lorg/springframework/beans/factory/support/RootBeanDefinition;[Ljava/lang/Object;)Ljava/lang/Object;+153
j  org.springframework.beans.factory.support.AbstractBeanFactory.lambda$doGetBean$0(Ljava/lang/String;Lorg/springframework/beans/factory/support/RootBeanDefinition;[Ljava/lang/Object;)Ljava/lang/Object;+4
j  org.springframework.beans.factory.support.AbstractBeanFactory$$Lambda$425+0x00000001003529b8.getObject()Ljava/lang/Object;+16
j  org.springframework.beans.factory.support.DefaultSingletonBeanRegistry.getSingleton(Ljava/lang/String;Lorg/springframework/beans/factory/ObjectFactory;)Ljava/lang/Object;+114
j  org.springframework.beans.factory.support.AbstractBeanFactory.doGetBean(Ljava/lang/String;Ljava/lang/Class;[Ljava/lang/Object;Z)Ljava/lang/Object;+429
j  org.springframework.beans.factory.support.AbstractBeanFactory.getBean(Ljava/lang/String;)Ljava/lang/Object;+5
j  org.springframework.beans.factory.support.DefaultListableBeanFactory.preInstantiateSingletons()V+152
j  org.springframework.context.support.AbstractApplicationContext.finishBeanFactoryInitialization(Lorg/springframework/beans/factory/config/ConfigurableListableBeanFactory;)V+130
j  org.springframework.context.support.AbstractApplicationContext.refresh()V+94
j  org.springframework.boot.SpringApplication.refresh(Lorg/springframework/context/ConfigurableApplicationContext;)V+1
j  org.springframework.boot.SpringApplication.refreshContext(Lorg/springframework/context/ConfigurableApplicationContext;)V+16
j  org.springframework.boot.SpringApplication.run([Ljava/lang/String;)Lorg/springframework/context/ConfigurableApplicationContext;+110
j  org.springframework.boot.SpringApplication.run([Ljava/lang/Class;[Ljava/lang/String;)Lorg/springframework/context/ConfigurableApplicationContext;+9
j  org.springframework.boot.SpringApplication.run(Ljava/lang/Class;[Ljava/lang/String;)Lorg/springframework/context/ConfigurableApplicationContext;+9
j  org.springframework.ide.vscode.boot.app.BootLanguageServerBootApp.main([Ljava/lang/String;)V+19
v  ~StubRoutines::call_stub

Compiled method (n/a)  490663  829     n 0       java.lang.ClassLoader::defineClass1 (native)
 total in heap  [0x000001cb9da89290,0x000001cb9da89768] = 1240
 relocation     [0x000001cb9da893e8,0x000001cb9da89420] = 56
 main code      [0x000001cb9da89420,0x000001cb9da89768] = 840

[Constant Pool (empty)]

[MachCode]
[Entry Point]
  # {method} {0x000001cba601de78} 'defineClass1' '(Ljava/lang/ClassLoader;Ljava/lang/String;[BIILjava/security/ProtectionDomain;Ljava/lang/String;)Ljava/lang/Class;' in 'java/lang/ClassLoader'
  # parm0:    rdx:rdx   = 'java/lang/ClassLoader'
  # parm1:    r8:r8     = 'java/lang/String'
  # parm2:    r9:r9     = '[B'
  # parm3:    rdi       = int
  # parm4:    rsi       = int
  # parm5:    rcx:rcx   = 'java/security/ProtectionDomain'
  # parm6:    [sp+0xa0]   = 'java/lang/String'  (sp of caller)
  0x000001cb9da89420: 448b 5208 | 49c1 e203 | 493b c20f | 8407 0000 

  0x000001cb9da89430: ;   {runtime_call ic_miss_stub}
  0x000001cb9da89430: 00e9 4a7c | e0ff 6690 
[Verified Entry Point]
  0x000001cb9da89438: 8984 2400 | 90ff ff55 | 488b ec48 | 81ec 9000 | 0000 4881 | 7d10 0000 | 0000 488d | 4510 480f 
  0x000001cb9da89458: 4445 1048 | 8944 2440 | 4889 4c24 | 7048 83f9 | 0048 8d44 | 2470 480f | 4444 2470 | 4889 4424 
  0x000001cb9da89478: 3848 8974 | 2430 4889 | 7c24 284c | 894c 2458 | 4983 f900 | 488d 4424 | 5848 0f44 | 4424 5848 
  0x000001cb9da89498: 8944 2420 | 4c89 4424 | 5049 83f8 | 004c 8d4c | 2450 4c0f | 444c 2450 | 4889 5424 | 4848 83fa 
  0x000001cb9da894b8: 004c 8d44 | 2448 4c0f | 4444 2448 

  0x000001cb9da894c4: ;   {oop(a 'java/lang/Class'{0x00000000c048ef08} = 'java/lang/ClassLoader')}
  0x000001cb9da894c4: 49be 08ef | 48c0 0000 | 0000 4c89 | 7424 784c | 8d74 2478 | 498b d6c5 

  0x000001cb9da894dc: ;   {internal_word}
  0x000001cb9da894dc: f877 49ba | db94 a89d | cb01 0000 | 4d89 97a0 | 0200 0049 | 89a7 9802 

  0x000001cb9da894f4: ;   {external_word}
  0x000001cb9da894f4: 0000 49ba | 7935 799f | fa7f 0000 | 4180 3a00 | 0f84 5200 | 0000 5241 

  0x000001cb9da8950c: ;   {metadata({method} {0x000001cba601de78} 'defineClass1' '(Ljava/lang/ClassLoader;Ljava/lang/String;[BIILjava/security/ProtectionDomain;Ljava/lang/String;)Ljava/lang/Class;' in 'java/lang/ClassLoader')}
  0x000001cb9da8950c: 5041 5148 | ba70 de01 | a6cb 0100 | 0049 8bcf | 4883 ec20 | f7c4 0f00 | 0000 0f84 | 1a00 0000 
  0x000001cb9da8952c: 4883 ec08 

  0x000001cb9da89530: ;   {runtime_call}
  0x000001cb9da89530: 49ba 0030 | 2f9f fa7f | 0000 41ff | d248 83c4 | 08e9 0d00 

  0x000001cb9da89544: ;   {runtime_call}
  0x000001cb9da89544: 0000 49ba | 0030 2f9f | fa7f 0000 | 41ff d248 | 83c4 2041 | 5941 585a | 498d 8fb8 | 0200 0041 
  0x000001cb9da89564: c787 4803 | 0000 0400 

  0x000001cb9da8956c: ;   {runtime_call}
  0x000001cb9da8956c: 0000 49ba | ac16 999f | fa7f 0000 | 41ff d2c5 | f877 41c7 | 8748 0300 | 0005 0000 | 00f0 8344 
  0x000001cb9da8958c: 24c0 0049 | 3baf 5003 | 0000 0f87 | 1100 0000 | 4181 bf38 | 0300 0000 | 0000 000f | 842c 0000 
  0x000001cb9da895ac: 00c5 f877 | 4889 45f8 | 498b cf4c | 8be4 4883 | ec20 4883 

  0x000001cb9da895c0: ;   {runtime_call}
  0x000001cb9da895c0: e4f0 49ba | 7044 3f9f | fa7f 0000 | 41ff d249 | 8be4 4d33 | e448 8b45 | f841 c787 | 4803 0000 
  0x000001cb9da895e0: 0800 0000 | 4181 bfb8 | 0300 0002 | 0000 000f | 843f 0100 

  0x000001cb9da895f4: ;   {external_word}
  0x000001cb9da895f4: 0049 ba79 | 3579 9ffa | 7f00 0041 | 803a 000f | 8450 0000 | 0048 8945 

  0x000001cb9da8960c: ;   {metadata({method} {0x000001cba601de78} 'defineClass1' '(Ljava/lang/ClassLoader;Ljava/lang/String;[BIILjava/security/ProtectionDomain;Ljava/lang/String;)Ljava/lang/Class;' in 'java/lang/ClassLoader')}
  0x000001cb9da8960c: f848 ba70 | de01 a6cb | 0100 0049 | 8bcf 4883 | ec20 f7c4 | 0f00 0000 | 0f84 1a00 | 0000 4883 
  0x000001cb9da8962c: ;   {runtime_call}
  0x000001cb9da8962c: ec08 49ba | 0030 2f9f | fa7f 0000 | 41ff d248 | 83c4 08e9 | 0d00 0000 

  0x000001cb9da89644: ;   {runtime_call}
  0x000001cb9da89644: 49ba 0030 | 2f9f fa7f | 0000 41ff | d248 83c4 | 2048 8b45 | f849 c787 | 9802 0000 | 0000 0000 
  0x000001cb9da89664: 49c7 87a0 | 0200 0000 | 0000 00c5 | f877 4885 | c00f 8493 | 0000 0048 | f7c0 0100 | 0000 0f84 
  0x000001cb9da89684: 8300 0000 | 488b 40ff | 4180 7f38 | 000f 846f | 0000 0048 | 83f8 000f | 8465 0000 | 0049 8b4f 
  0x000001cb9da896a4: 2048 83f9 | 000f 8414 | 0000 0048 | 83e9 0849 | 894f 2049 | 034f 3048 | 8901 e943 | 0000 0050 
  0x000001cb9da896c4: 498b d748 | 8bc8 4883 | ec20 f7c4 | 0f00 0000 | 0f84 1a00 | 0000 4883 

  0x000001cb9da896dc: ;   {runtime_call}
  0x000001cb9da896dc: ec08 49ba | 6048 ee9e | fa7f 0000 | 41ff d248 | 83c4 08e9 | 0d00 0000 

  0x000001cb9da896f4: ;   {runtime_call}
  0x000001cb9da896f4: 49ba 6048 | ee9e fa7f | 0000 41ff | d248 83c4 | 2058 e903 | 0000 0048 | 8b00 498b | 8fd8 0000 
  0x000001cb9da89714: 00c7 8100 | 0100 0000 | 0000 00c9 | 4981 7f08 | 0000 0000 | 0f85 0100 

  0x000001cb9da8972c: ;   {runtime_call StubRoutines (1)}
  0x000001cb9da8972c: 0000 c3e9 | cc77 dbff | c5f8 7748 | 8945 f84c | 8be4 4883 | ec20 4883 

  0x000001cb9da89744: ;   {runtime_call}
  0x000001cb9da89744: e4f0 49ba | 8060 2f9f | fa7f 0000 | 41ff d249 | 8be4 4d33 | e448 8b45 | f8e9 93fe | ffff f4f4 
  0x000001cb9da89764: f4f4 f4f4 
[/MachCode]


Compiled method (c1)  490783  825       1       java.lang.ClassLoader::defineClass (43 bytes)
 total in heap  [0x000001cb9da8b090,0x000001cb9da8b630] = 1440
 relocation     [0x000001cb9da8b1e8,0x000001cb9da8b248] = 96
 main code      [0x000001cb9da8b260,0x000001cb9da8b400] = 416
 stub code      [0x000001cb9da8b400,0x000001cb9da8b478] = 120
 metadata       [0x000001cb9da8b478,0x000001cb9da8b4a8] = 48
 scopes data    [0x000001cb9da8b4a8,0x000001cb9da8b560] = 184
 scopes pcs     [0x000001cb9da8b560,0x000001cb9da8b600] = 160
 dependencies   [0x000001cb9da8b600,0x000001cb9da8b608] = 8
 nul chk table  [0x000001cb9da8b608,0x000001cb9da8b630] = 40

[Constant Pool (empty)]

[MachCode]
[Entry Point]
  # {method} {0x000001cba601dce8} 'defineClass' '(Ljava/lang/String;[BIILjava/security/ProtectionDomain;)Ljava/lang/Class;' in 'java/lang/ClassLoader'
  # this:     rdx:rdx   = 'java/lang/ClassLoader'
  # parm0:    r8:r8     = 'java/lang/String'
  # parm1:    r9:r9     = '[B'
  # parm2:    rdi       = int
  # parm3:    rsi       = int
  # parm4:    rcx:rcx   = 'java/security/ProtectionDomain'
  #           [sp+0xc0]  (sp of caller)
  0x000001cb9da8b260: 448b 5208 | 49c1 e203 

  0x000001cb9da8b268: ;   {runtime_call ic_miss_stub}
  0x000001cb9da8b268: 4c3b d00f | 850f 5ee0 | ff66 6666 | 0f1f 8400 | 0000 0000 | 6666 6690 
[Verified Entry Point]
  0x000001cb9da8b280: 8984 2400 | 90ff ff55 | 4881 ecb0 | 0000 0048 | 8954 2478 | 89b4 2494 | 0000 0089 | bc24 9000 
  0x000001cb9da8b2a0: 0000 4c89 | 8c24 8800 | 0000 498b | d84c 8bc3 | 4c8b c948 | 8bca 488b | d148 899c | 2480 0000 
  0x000001cb9da8b2c0: 0066 0f1f 

  0x000001cb9da8b2c4: ;   {optimized virtual_call}
  0x000001cb9da8b2c4: 4400 00e8 

  0x000001cb9da8b2c8: ; ImmutableOopMap {[120]=Oop [136]=Oop [128]=Oop }
                      ;*invokevirtual preDefineClass {reexecute=0 rethrow=0 return_oop=0}
                      ; - java.lang.ClassLoader::defineClass@4
  0x000001cb9da8b2c8: 7406 0000 | 4889 8424 | 9800 0000 

  0x000001cb9da8b2d4: ; implicit exception: dispatches to 0x000001cb9da8b39a
  0x000001cb9da8b2d4: 448b 4010 | 4983 f800 | 0f85 0f00 

  0x000001cb9da8b2e0: ;   {oop(NULL)}
  0x000001cb9da8b2e0: 0000 48bb | 0000 0000 | 0000 0000 | e936 0000 | 0045 8b40 | 0c49 83f8 | 000f 850f 

  0x000001cb9da8b2fc: ;   {oop(NULL)}
  0x000001cb9da8b2fc: 0000 0048 | bb00 0000 | 0000 0000 | 00e9 1900 | 0000 418b | 5038 483b 

  0x000001cb9da8b314: ;   {optimized virtual_call}
  0x000001cb9da8b314: 0266 90e8 

  0x000001cb9da8b318: ; ImmutableOopMap {[120]=Oop [136]=Oop [128]=Oop [152]=Oop }
                      ;*invokevirtual toExternalForm {reexecute=0 rethrow=0 return_oop=0}
                      ; - java.net.URL::toExternalForm@5
                      ; - java.net.URL::toString@1
                      ; - java.lang.ClassLoader::defineClassSourceLocation@22
                      ; - java.lang.ClassLoader::defineClass@12
  0x000001cb9da8b318: 0417 f6ff | 488b d848 | 8b84 2498 | 0000 008b | b424 9400 | 0000 8bbc | 2490 0000 | 004c 8b8c 
  0x000001cb9da8b338: 2488 0000 | 004c 8b84 | 2480 0000 | 0048 8b54 | 2478 4c8b | da49 8bd3 | 488b c848 

  0x000001cb9da8b354: ;   {static_call}
  0x000001cb9da8b354: 891c 24e8 

  0x000001cb9da8b358: ; ImmutableOopMap {[152]=Oop [120]=Oop }
                      ;*invokestatic defineClass1 {reexecute=0 rethrow=0 return_oop=0}
                      ; - java.lang.ClassLoader::defineClass@27
  0x000001cb9da8b358: dce0 ffff | 4c8b c04c | 8b8c 2498 | 0000 0048 | 8b54 2478 | 4889 8424 | a000 0000 

  0x000001cb9da8b374: ;   {optimized virtual_call}
  0x000001cb9da8b374: 6666 90e8 

  0x000001cb9da8b378: ; ImmutableOopMap {[160]=Oop }
                      ;*invokevirtual postDefineClass {reexecute=0 rethrow=0 return_oop=0}
                      ; - java.lang.ClassLoader::defineClass@37
  0x000001cb9da8b378: 04fa fdff | 488b 8424 | a000 0000 | 4881 c4b0 | 0000 005d 

  0x000001cb9da8b38c: ;   {poll_return}
  0x000001cb9da8b38c: 493b a750 | 0300 000f | 8715 0000 

  0x000001cb9da8b398: ;   {runtime_call throw_null_pointer_exception Runtime1 stub}
  0x000001cb9da8b398: 00c3 e881 

  0x000001cb9da8b39c: ; ImmutableOopMap {[120]=Oop [136]=Oop [128]=Oop rax=Oop [152]=Oop }
                      ;*invokevirtual getCodeSource {reexecute=0 rethrow=0 return_oop=0}
                      ; - java.lang.ClassLoader::defineClassSourceLocation@1
                      ; - java.lang.ClassLoader::defineClass@12
                      ;   {runtime_call throw_null_pointer_exception Runtime1 stub}
  0x000001cb9da8b39c: 71ea ffe8 

  0x000001cb9da8b3a0: ; ImmutableOopMap {[120]=Oop [136]=Oop [128]=Oop rax=Oop [152]=Oop }
                      ;*invokevirtual getLocation {reexecute=0 rethrow=0 return_oop=0}
                      ; - java.lang.ClassLoader::defineClassSourceLocation@12
                      ; - java.lang.ClassLoader::defineClass@12
  0x000001cb9da8b3a0: 7c71 eaff 

  0x000001cb9da8b3a4: ;   {runtime_call throw_null_pointer_exception Runtime1 stub}
  0x000001cb9da8b3a4: e877 71ea 

  0x000001cb9da8b3a8: ; ImmutableOopMap {[120]=Oop [136]=Oop [128]=Oop [152]=Oop r8=Oop }
                      ;*invokevirtual toString {reexecute=0 rethrow=0 return_oop=0}
                      ; - java.lang.ClassLoader::defineClassSourceLocation@22
                      ; - java.lang.ClassLoader::defineClass@12
                      ;   {runtime_call throw_null_pointer_exception Runtime1 stub}
  0x000001cb9da8b3a8: ffe8 7271 

  0x000001cb9da8b3ac: ; ImmutableOopMap {[120]=Oop [136]=Oop [128]=Oop [152]=Oop r8=Oop rdx=Oop }
                      ;*invokevirtual toExternalForm {reexecute=0 rethrow=0 return_oop=0}
                      ; - java.net.URL::toExternalForm@5
                      ; - java.net.URL::toString@1
                      ; - java.lang.ClassLoader::defineClassSourceLocation@22
                      ; - java.lang.ClassLoader::defineClass@12
                      ;   {internal_word}
  0x000001cb9da8b3ac: eaff 49ba | 8cb3 a89d | cb01 0000 | 4d89 9768 

  0x000001cb9da8b3bc: ;   {runtime_call SafepointBlob}
  0x000001cb9da8b3bc: 0300 00e9 | 3cc6 e0ff | 9090 498b | 87e0 0300 | 0049 c787 | e003 0000 | 0000 0000 | 49c7 87e8 
  0x000001cb9da8b3dc: 0300 0000 | 0000 0048 | 81c4 b000 

  0x000001cb9da8b3e8: ;   {runtime_call unwind_exception Runtime1 stub}
  0x000001cb9da8b3e8: 0000 5de9 | 1062 eaff | f4f4 f4f4 | f4f4 f4f4 | f4f4 f4f4 | f4f4 f4f4 
[Stub Code]
  0x000001cb9da8b400: ;   {no_reloc}
  0x000001cb9da8b400: 0f1f 4400 

  0x000001cb9da8b404: ;   {static_stub}
  0x000001cb9da8b404: 0048 bb00 | 0000 0000 

  0x000001cb9da8b40c: ;   {runtime_call}
  0x000001cb9da8b40c: 0000 00e9 | fbff ffff 

  0x000001cb9da8b414: ;   {static_stub}
  0x000001cb9da8b414: 9048 bb00 | 0000 0000 

  0x000001cb9da8b41c: ;   {runtime_call}
  0x000001cb9da8b41c: 0000 00e9 | fbff ffff 

  0x000001cb9da8b424: ;   {static_stub}
  0x000001cb9da8b424: 9048 bb00 | 0000 0000 

  0x000001cb9da8b42c: ;   {runtime_call}
  0x000001cb9da8b42c: 0000 00e9 | fbff ffff 

  0x000001cb9da8b434: ;   {static_stub}
  0x000001cb9da8b434: 9048 bb00 | 0000 0000 

  0x000001cb9da8b43c: ;   {runtime_call}
  0x000001cb9da8b43c: 0000 00e9 | fbff ffff 
[Exception Handler]
  0x000001cb9da8b444: ;   {runtime_call handle_exception_from_callee Runtime1 stub}
  0x000001cb9da8b444: e8b7 8eea 

  0x000001cb9da8b448: ;   {external_word}
  0x000001cb9da8b448: ff48 b940 | 9a53 9ffa | 7f00 0048 

  0x000001cb9da8b454: ;   {runtime_call}
  0x000001cb9da8b454: 83e4 f049 | ba60 2d1c | 9ffa 7f00 | 0041 ffd2 

  0x000001cb9da8b464: ;   {section_word}
  0x000001cb9da8b464: f449 ba65 | b4a8 9dcb | 0100 0041 

  0x000001cb9da8b470: ;   {runtime_call DeoptimizationBlob}
  0x000001cb9da8b470: 52e9 2ab8 | e0ff f4f4 
[/MachCode]


Compiled method (c1)  490793  729       1       jdk.internal.loader.BuiltinClassLoader::defineClass (121 bytes)
 total in heap  [0x000001cb9da65990,0x000001cb9da667e8] = 3672
 relocation     [0x000001cb9da65ae8,0x000001cb9da65c18] = 304
 main code      [0x000001cb9da65c20,0x000001cb9da66220] = 1536
 stub code      [0x000001cb9da66220,0x000001cb9da66368] = 328
 metadata       [0x000001cb9da66368,0x000001cb9da663b0] = 72
 scopes data    [0x000001cb9da663b0,0x000001cb9da66608] = 600
 scopes pcs     [0x000001cb9da66608,0x000001cb9da667a8] = 416
 dependencies   [0x000001cb9da667a8,0x000001cb9da667b0] = 8
 handler table  [0x000001cb9da667b0,0x000001cb9da667c8] = 24
 nul chk table  [0x000001cb9da667c8,0x000001cb9da667e8] = 32

[Constant Pool (empty)]

[MachCode]
[Entry Point]
  # {method} {0x000001cba60c0980} 'defineClass' '(Ljava/lang/String;Ljdk/internal/loader/Resource;)Ljava/lang/Class;' in 'jdk/internal/loader/BuiltinClassLoader'
  # this:     rdx:rdx   = 'jdk/internal/loader/BuiltinClassLoader'
  # parm0:    r8:r8     = 'java/lang/String'
  # parm1:    r9:r9     = 'jdk/internal/loader/Resource'
  #           [sp+0x110]  (sp of caller)
  0x000001cb9da65c20: 448b 5208 | 49c1 e203 

  0x000001cb9da65c28: ;   {runtime_call ic_miss_stub}
  0x000001cb9da65c28: 4c3b d00f | 854f b4e2 | ff66 6666 | 0f1f 8400 | 0000 0000 | 6666 6690 
[Verified Entry Point]
  0x000001cb9da65c40: 8984 2400 | 90ff ff55 | 4881 ec00 | 0100 0048 | 8994 24a0 | 0000 004c | 8984 2490 | 0000 004c 
  0x000001cb9da65c60: 898c 2498 | 0000 0049 | 8bd1 6666 | 9048 b8ff | ffff ffff 

  0x000001cb9da65c74: ;   {virtual_call}
  0x000001cb9da65c74: ffff ffe8 

  0x000001cb9da65c78: ; ImmutableOopMap {[152]=Oop [160]=Oop [144]=Oop }
                      ;*invokevirtual getCodeSourceURL {reexecute=0 rethrow=0 return_oop=0}
                      ; - jdk.internal.loader.BuiltinClassLoader::defineClass@1
  0x000001cb9da65c78: 1c6c edff | 4889 8424 | a800 0000 | 4c8b 8424 | 9000 0000 

  0x000001cb9da65c8c: ; implicit exception: dispatches to 0x000001cb9da66123
  0x000001cb9da65c8c: 418b 7014 

  0x000001cb9da65c90: ; implicit exception: dispatches to 0x000001cb9da66128
  0x000001cb9da65c90: 8b56 0c45 | 0fbe 4810 | 498b c9c1 | e118 c1f9 | 18d3 fa48 | 8bfa ffcf | 4183 f900 | ba00 0000 
  0x000001cb9da65cb0: 000f 8505 | 0000 00ba | 0100 0000 | 83e2 0183 | fa00 488b | d641 b82e | 0000 004c | 8bcf 0f84 
  0x000001cb9da65cd0: 0d00 0000 

  0x000001cb9da65cd4: ;   {static_call}
  0x000001cb9da65cd4: 6666 90e8 

  0x000001cb9da65cd8: ; ImmutableOopMap {[152]=Oop [160]=Oop [168]=Oop [144]=Oop }
                      ;*invokestatic lastIndexOf {reexecute=0 rethrow=0 return_oop=0}
                      ; - java.lang.String::lastIndexOf@13
                      ; - java.lang.String::lastIndexOf@8
                      ; - jdk.internal.loader.BuiltinClassLoader::defineClass@8
  0x000001cb9da65cd8: 44fb edff | e90b 0000 | 0066 0f1f 

  0x000001cb9da65ce4: ;   {static_call}
  0x000001cb9da65ce4: 4400 00e8 

  0x000001cb9da65ce8: ; ImmutableOopMap {[152]=Oop [160]=Oop [168]=Oop [144]=Oop }
                      ;*invokestatic lastIndexOf {reexecute=0 rethrow=0 return_oop=0}
                      ; - java.lang.String::lastIndexOf@25
                      ; - java.lang.String::lastIndexOf@8
                      ; - jdk.internal.loader.BuiltinClassLoader::defineClass@8
  0x000001cb9da65ce8: 94bc e2ff | 83f8 ff0f | 8467 0000 | 0041 b800 | 0000 004c | 8bc8 488b | 9424 9000 

  0x000001cb9da65d04: ;   {optimized virtual_call}
  0x000001cb9da65d04: 0000 90e8 

  0x000001cb9da65d08: ; ImmutableOopMap {[152]=Oop [160]=Oop [168]=Oop [144]=Oop }
                      ;*invokevirtual substring {reexecute=0 rethrow=0 return_oop=0}
                      ; - jdk.internal.loader.BuiltinClassLoader::defineClass@23
  0x000001cb9da65d08: f471 f0ff | 488b 9424 | 9800 0000 | 4889 8424 | b000 0000 | 9048 b8ff | ffff ffff 

  0x000001cb9da65d24: ;   {virtual_call}
  0x000001cb9da65d24: ffff ffe8 

  0x000001cb9da65d28: ; ImmutableOopMap {[152]=Oop [160]=Oop [168]=Oop [144]=Oop [176]=Oop }
                      ;*invokevirtual getManifest {reexecute=0 rethrow=0 return_oop=0}
                      ; - jdk.internal.loader.BuiltinClassLoader::defineClass@29
  0x000001cb9da65d28: 8c16 0d00 | 4c8b 8424 | b000 0000 | 4c8b c848 | 8bbc 24a8 | 0000 0048 | 8b94 24a0 | 0000 0066 
  0x000001cb9da65d48: 0f1f 4400 | 0048 b8f0 | 1405 0001 

  0x000001cb9da65d54: ;   {virtual_call}
  0x000001cb9da65d54: 0000 00e8 

  0x000001cb9da65d58: ; ImmutableOopMap {[152]=Oop [160]=Oop [168]=Oop [144]=Oop }
                      ;*invokevirtual defineOrCheckPackage {reexecute=0 rethrow=0 return_oop=0}
                      ; - jdk.internal.loader.BuiltinClassLoader::defineClass@40
  0x000001cb9da65d58: 440c 0000 | 4c8b 8c24 | 9800 0000 | 488d 9424 | e000 0000 | 4c89 4a08 | 498b 0148 | 83c8 0148 
  0x000001cb9da65d78: 8902 f049 | 0fb1 110f | 8413 0000 | 0048 2bc4 | 4881 e007 | f0ff ff48 | 8902 0f85 | 9503 0000 
  0x000001cb9da65d98: 418b 510c | 4883 fa00 | 0f85 4700 | 0000 498b | d10f 1f40 | 0048 b8ff | ffff ffff 

  0x000001cb9da65db4: ;   {virtual_call}
  0x000001cb9da65db4: ffff ffe8 

  0x000001cb9da65db8: ; ImmutableOopMap {[160]=Oop [168]=Oop [144]=Oop [152]=Oop [232]=Oop }
                      ;*invokevirtual getInputStream {reexecute=0 rethrow=0 return_oop=0}
                      ; - jdk.internal.loader.Resource::cachedInputStream@9
                      ; - jdk.internal.loader.Resource::getByteBuffer@1
                      ; - jdk.internal.loader.BuiltinClassLoader::defineClass@45
  0x000001cb9da65db8: 8c67 edff | 410f be57 | 3883 fa00 | 4c8b 8c24 | 9800 0000 | 0f85 6e03 | 0000 4c8b | d045 8951 
  0x000001cb9da65dd8: 0c49 8bd1 | 4833 d048 | c1ea 1448 | 83fa 000f | 856f 0300 | 0041 8b51 | 0c48 8d84 | 24e0 0000 
  0x000001cb9da65df8: 0048 8b30 | 4885 f60f | 840f 0000 | 0048 8b78 | 08f0 480f | b137 0f85 | 6003 0000 | 4883 fa00 
  0x000001cb9da65e18: 0f84 3b00 

  0x000001cb9da65e1c: ;   {metadata('sun/nio/ByteBuffered')}
  0x000001cb9da65e1c: 0000 48b8 | 589b 0200 | 0100 0000 | 8b5a 0848 | c1e3 0348 | 3b43 200f | 8425 0000 | 0048 3bd8 
  0x000001cb9da65e3c: 0f84 1c00 | 0000 5350 

  0x000001cb9da65e44: ;   {runtime_call slow_subtype_check Runtime1 stub}
  0x000001cb9da65e44: e8b7 f0ec | ff5b 5b83 | fb00 0f84 | 0500 0000 | e905 0000 | 0048 33f6 | eb0a 48be | 0100 0000 
  0x000001cb9da65e64: 0000 0000 | 83fe 000f | 8460 0000 | 0048 83fa | 000f 843b 

  0x000001cb9da65e78: ;   {metadata('sun/nio/ByteBuffered')}
  0x000001cb9da65e78: 0000 0048 | bb58 9b02 | 0001 0000 | 008b 7a08 | 48c1 e703 | 483b 5f20 | 0f84 2000 | 0000 483b 
  0x000001cb9da65e98: fb0f 8417 | 0000 0057 

  0x000001cb9da65ea0: ;   {runtime_call slow_subtype_check Runtime1 stub}
  0x000001cb9da65ea0: 53e8 5af0 | ecff 5f5f | 83ff 000f | 84d9 0200 | 00e9 0000 | 0000 0f1f | 8000 0000 | 0048 b8ff 
  0x000001cb9da65ec0: ffff ffff 

  0x000001cb9da65ec4: ;   {virtual_call}
  0x000001cb9da65ec4: ffff ffe8 

  0x000001cb9da65ec8: ; ImmutableOopMap {[160]=Oop [168]=Oop [144]=Oop [152]=Oop }
                      ;*invokeinterface getByteBuffer {reexecute=0 rethrow=0 return_oop=0}
                      ; - jdk.internal.loader.Resource::getByteBuffer@16
                      ; - jdk.internal.loader.BuiltinClassLoader::defineClass@45
  0x000001cb9da65ec8: b4b7 e2ff | e90a 0000 

  0x000001cb9da65ed0: ;   {oop(NULL)}
  0x000001cb9da65ed0: 0048 b800 | 0000 0000 | 0000 0048 | 83f8 000f | 84dd 0000 | 0048 8984 | 24b8 0000 | 0048 8b94 
  0x000001cb9da65ef0: 2498 0000 | 0048 b8ff | ffff ffff 

  0x000001cb9da65efc: ;   {virtual_call}
  0x000001cb9da65efc: ffff ffe8 

  0x000001cb9da65f00: ; ImmutableOopMap {[160]=Oop [168]=Oop [144]=Oop [184]=Oop }
                      ;*invokevirtual getCodeSigners {reexecute=0 rethrow=0 return_oop=0}
                      ; - jdk.internal.loader.BuiltinClassLoader::defineClass@56
  0x000001cb9da65f00: 7cb7 e2ff 

  0x000001cb9da65f04: ;   {metadata('java/security/CodeSource')}
  0x000001cb9da65f04: 4c8b c848 | ba68 1b05 | 0001 0000 | 0049 8b87 | 0801 0000 | 488d 7828 | 493b bf18 | 0100 000f 
  0x000001cb9da65f24: 876a 0200 | 0049 89bf | 0801 0000 | 48c7 0001 | 0000 0048 | 8bca 48c1 | e903 8948 | 0848 33c9 
  0x000001cb9da65f44: 8948 0c48 | 33c9 4889 | 4810 4889 | 4818 4889 | 4820 4c8b | 8424 a800 | 0000 488b | d048 8984 
  0x000001cb9da65f64: 24c0 0000 | 0066 0f1f 

  0x000001cb9da65f6c: ;   {optimized virtual_call}
  0x000001cb9da65f6c: 4400 00e8 

  0x000001cb9da65f70: ; ImmutableOopMap {[160]=Oop [144]=Oop [184]=Oop [192]=Oop }
                      ;*invokespecial <init> {reexecute=0 rethrow=0 return_oop=0}
                      ; - jdk.internal.loader.BuiltinClassLoader::defineClass@68
  0x000001cb9da65f70: 0cb4 e2ff | 4c8b 8424 | c000 0000 | 488b 9424 | a000 0000 

  0x000001cb9da65f84: ;   {optimized virtual_call}
  0x000001cb9da65f84: 6666 90e8 

  0x000001cb9da65f88: ; ImmutableOopMap {[160]=Oop [144]=Oop [184]=Oop }
                      ;*invokevirtual getProtectionDomain {reexecute=0 rethrow=0 return_oop=0}
                      ; - java.security.SecureClassLoader::defineClass@5
                      ; - jdk.internal.loader.BuiltinClassLoader::defineClass@79
  0x000001cb9da65f88: f4b3 e2ff | 4c8b 8424 | 9000 0000 | 4c8b 8c24 | b800 0000 | 488b f848 | 8b94 24a0 

  0x000001cb9da65fa4: ;   {optimized virtual_call}
  0x000001cb9da65fa4: 0000 00e8 

  0x000001cb9da65fa8: ; ImmutableOopMap {}
                      ;*invokevirtual defineClass {reexecute=0 rethrow=0 return_oop=0}
                      ; - java.security.SecureClassLoader::defineClass@8
                      ; - jdk.internal.loader.BuiltinClassLoader::defineClass@79
  0x000001cb9da65fa8: d4b3 e2ff | 4881 c400 | 0100 005d 

  0x000001cb9da65fb4: ;   {poll_return}
  0x000001cb9da65fb4: 493b a750 | 0300 000f | 87df 0100 | 00c3 4c8b | 8c24 9800 | 0000 498b | d148 b8ff | ffff ffff 
  0x000001cb9da65fd4: ;   {virtual_call}
  0x000001cb9da65fd4: ffff ffe8 

  0x000001cb9da65fd8: ; ImmutableOopMap {[160]=Oop [144]=Oop [152]=Oop [168]=Oop }
                      ;*invokevirtual getBytes {reexecute=0 rethrow=0 return_oop=0}
                      ; - jdk.internal.loader.BuiltinClassLoader::defineClass@84
  0x000001cb9da65fd8: b413 0d00 | 4889 8424 | c800 0000 | 488b 9424 | 9800 0000 | 9048 b8ff | ffff ffff 

  0x000001cb9da65ff4: ;   {virtual_call}
  0x000001cb9da65ff4: ffff ffe8 

  0x000001cb9da65ff8: ; ImmutableOopMap {[160]=Oop [144]=Oop [168]=Oop [200]=Oop }
                      ;*invokevirtual getCodeSigners {reexecute=0 rethrow=0 return_oop=0}
                      ; - jdk.internal.loader.BuiltinClassLoader::defineClass@90
  0x000001cb9da65ff8: 3417 0d00 

  0x000001cb9da65ffc: ;   {metadata('java/security/CodeSource')}
  0x000001cb9da65ffc: 4c8b c848 | ba68 1b05 | 0001 0000 | 0049 8b87 | 0801 0000 | 488d 7828 | 493b bf18 | 0100 000f 
  0x000001cb9da6601c: 8795 0100 | 0049 89bf | 0801 0000 | 48c7 0001 | 0000 0048 | 8bca 48c1 | e903 8948 | 0848 33c9 
  0x000001cb9da6603c: 8948 0c48 | 33c9 4889 | 4810 4889 | 4818 4889 | 4820 4c8b | 8424 a800 | 0000 488b | d048 8984 
  0x000001cb9da6605c: 24d0 0000 | 0066 0f1f 

  0x000001cb9da66064: ;   {optimized virtual_call}
  0x000001cb9da66064: 4400 00e8 

  0x000001cb9da66068: ; ImmutableOopMap {[160]=Oop [144]=Oop [200]=Oop [208]=Oop }
                      ;*invokespecial <init> {reexecute=0 rethrow=0 return_oop=0}
                      ; - jdk.internal.loader.BuiltinClassLoader::defineClass@102
  0x000001cb9da66068: f42b 0000 | 488b 8424 | c800 0000 

  0x000001cb9da66074: ; implicit exception: dispatches to 0x000001cb9da661c3
  0x000001cb9da66074: 8b70 0c4c | 8b84 24d0 | 0000 0048 | 8b94 24a0 | 0000 0089 | b424 d800 

  0x000001cb9da6608c: ;   {optimized virtual_call}
  0x000001cb9da6608c: 0000 90e8 

  0x000001cb9da66090: ; ImmutableOopMap {[160]=Oop [144]=Oop [200]=Oop }
                      ;*invokevirtual getProtectionDomain {reexecute=0 rethrow=0 return_oop=0}
                      ; - java.security.SecureClassLoader::defineClass@9
                      ; - jdk.internal.loader.BuiltinClassLoader::defineClass@117
  0x000001cb9da66090: cc34 0000 | 4c8b 8424 | 9000 0000 | 4c8b 8c24 | c800 0000 | bf00 0000 | 008b b424 | d800 0000 
  0x000001cb9da660b0: 488b c848 | 8b94 24a0 | 0000 000f 

  0x000001cb9da660bc: ;   {optimized virtual_call}
  0x000001cb9da660bc: 1f40 00e8 

  0x000001cb9da660c0: ; ImmutableOopMap {}
                      ;*invokevirtual defineClass {reexecute=0 rethrow=0 return_oop=0}
                      ; - java.security.SecureClassLoader::defineClass@12
                      ; - jdk.internal.loader.BuiltinClassLoader::defineClass@117
  0x000001cb9da660c0: bc51 0200 | 4881 c400 | 0100 005d 

  0x000001cb9da660cc: ;   {poll_return}
  0x000001cb9da660cc: 493b a750 | 0300 000f | 87ef 0000 | 00c3 498b | 87e0 0300 | 004d 33d2 | 4d89 97e0 | 0300 004d 
  0x000001cb9da660ec: 33d2 4d89 | 97e8 0300 | 0048 8bf0 | 488d 8424 | e000 0000 | 488b 3848 | 85ff 0f84 | 0f00 0000 
  0x000001cb9da6610c: 488b 5808 | f048 0fb1 | 3b0f 85c3 | 0000 0048 | 8bc6 e9f0 

  0x000001cb9da66120: ;   {runtime_call throw_null_pointer_exception Runtime1 stub}
  0x000001cb9da66120: 0000 00e8 

  0x000001cb9da66124: ; ImmutableOopMap {[152]=Oop [160]=Oop rax=Oop [168]=Oop r8=Oop [144]=Oop }
                      ;*invokevirtual lastIndexOf {reexecute=0 rethrow=0 return_oop=0}
                      ; - jdk.internal.loader.BuiltinClassLoader::defineClass@8
  0x000001cb9da66124: f8c3 ecff 

  0x000001cb9da66128: ;   {runtime_call throw_null_pointer_exception Runtime1 stub}
  0x000001cb9da66128: e8f3 c3ec 

  0x000001cb9da6612c: ; ImmutableOopMap {[152]=Oop [160]=Oop rax=Oop [168]=Oop r8=Oop [144]=Oop rsi=Oop }
                      ;*arraylength {reexecute=0 rethrow=0 return_oop=0}
                      ; - java.lang.String::length@4
                      ; - java.lang.String::lastIndexOf@3
                      ; - jdk.internal.loader.BuiltinClassLoader::defineClass@8
  0x000001cb9da6612c: ff4c 894c | 2408 4889 

  0x000001cb9da66134: ;   {runtime_call monitorenter_nofpu Runtime1 stub}
  0x000001cb9da66134: 1424 e8c5 

  0x000001cb9da66138: ; ImmutableOopMap {[160]=Oop [168]=Oop [144]=Oop r9=Oop [152]=Oop [232]=Oop }
                      ;*synchronization entry
                      ; - jdk.internal.loader.Resource::cachedInputStream@-1
                      ; - jdk.internal.loader.Resource::getByteBuffer@1
                      ; - jdk.internal.loader.BuiltinClassLoader::defineClass@45
  0x000001cb9da66138: f3ec ffe9 | 58fc ffff | 418b 510c | 4883 fa00 | 0f84 84fc | ffff 4889 

  0x000001cb9da66150: ;   {runtime_call g1_pre_barrier_slow}
  0x000001cb9da66150: 1424 e8a9 | 1aed ffe9 | 76fc ffff | 4883 f800 | 0f84 87fc | ffff 4c89 

  0x000001cb9da66168: ;   {runtime_call g1_post_barrier_slow}
  0x000001cb9da66168: 0c24 e891 | 1ded ffe9 | 79fc ffff | 488d 8424 | e000 0000 | 4889 0424 

  0x000001cb9da66180: ;   {runtime_call monitorexit_nofpu Runtime1 stub}
  0x000001cb9da66180: e87b f9ec | ffe9 8afc | ffff 4889 

  0x000001cb9da6618c: ;   {runtime_call throw_class_cast_exception Runtime1 stub}
  0x000001cb9da6618c: 1424 e88d 

  0x000001cb9da66190: ; ImmutableOopMap {[160]=Oop [168]=Oop [144]=Oop [152]=Oop }
                      ;*checkcast {reexecute=0 rethrow=0 return_oop=0}
                      ; - jdk.internal.loader.Resource::getByteBuffer@13
                      ; - jdk.internal.loader.BuiltinClassLoader::defineClass@45
  0x000001cb9da66190: e7ec ff48 

  0x000001cb9da66194: ;   {runtime_call fast_new_instance Runtime1 stub}
  0x000001cb9da66194: 8bd2 e865 

  0x000001cb9da66198: ; ImmutableOopMap {[160]=Oop [168]=Oop [144]=Oop [184]=Oop r9=Oop }
                      ;*new {reexecute=0 rethrow=0 return_oop=0}
                      ; - jdk.internal.loader.BuiltinClassLoader::defineClass@61
  0x000001cb9da66198: ccec ffe9 | b6fd ffff 

  0x000001cb9da661a0: ;   {internal_word}
  0x000001cb9da661a0: 49ba b45f | a69d cb01 | 0000 4d89 | 9768 0300 

  0x000001cb9da661b0: ;   {runtime_call SafepointBlob}
  0x000001cb9da661b0: 00e9 4a18 | e3ff 488b 

  0x000001cb9da661b8: ;   {runtime_call fast_new_instance Runtime1 stub}
  0x000001cb9da661b8: d2e8 42cc 

  0x000001cb9da661bc: ; ImmutableOopMap {[160]=Oop [144]=Oop [168]=Oop [200]=Oop r9=Oop }
                      ;*new {reexecute=0 rethrow=0 return_oop=0}
                      ; - jdk.internal.loader.BuiltinClassLoader::defineClass@95
  0x000001cb9da661bc: ecff e98b 

  0x000001cb9da661c0: ;   {runtime_call throw_null_pointer_exception Runtime1 stub}
  0x000001cb9da661c0: feff ffe8 

  0x000001cb9da661c4: ; ImmutableOopMap {[160]=Oop [144]=Oop [208]=Oop rax=Oop [200]=Oop }
                      ;*arraylength {reexecute=0 rethrow=0 return_oop=0}
                      ; - jdk.internal.loader.BuiltinClassLoader::defineClass@114
  0x000001cb9da661c4: 58c3 ecff 

  0x000001cb9da661c8: ;   {internal_word}
  0x000001cb9da661c8: 49ba cc60 | a69d cb01 | 0000 4d89 | 9768 0300 

  0x000001cb9da661d8: ;   {runtime_call SafepointBlob}
  0x000001cb9da661d8: 00e9 2218 | e3ff 488d | 8424 e000 | 0000 4889 

  0x000001cb9da661e8: ;   {runtime_call monitorexit_nofpu Runtime1 stub}
  0x000001cb9da661e8: 0424 e811 | f9ec ffe9 | 27ff ffff | 9090 498b | 87e0 0300 | 0049 c787 | e003 0000 | 0000 0000 
  0x000001cb9da66208: 49c7 87e8 | 0300 0000 | 0000 0048 | 81c4 0001 

  0x000001cb9da66218: ;   {runtime_call unwind_exception Runtime1 stub}
  0x000001cb9da66218: 0000 5de9 | e0b3 ecff 
[Stub Code]
  0x000001cb9da66220: ;   {no_reloc}
  0x000001cb9da66220: 0f1f 4400 

  0x000001cb9da66224: ;   {static_stub}
  0x000001cb9da66224: 0048 bb00 | 0000 0000 

  0x000001cb9da6622c: ;   {runtime_call}
  0x000001cb9da6622c: 0000 00e9 | fbff ffff 

  0x000001cb9da66234: ;   {static_stub}
  0x000001cb9da66234: 9048 bb00 | 0000 0000 

  0x000001cb9da6623c: ;   {runtime_call}
  0x000001cb9da6623c: 0000 00e9 | fbff ffff 

  0x000001cb9da66244: ;   {static_stub}
  0x000001cb9da66244: 9048 bb00 | 0000 0000 

  0x000001cb9da6624c: ;   {runtime_call}
  0x000001cb9da6624c: 0000 00e9 | fbff ffff 

  0x000001cb9da66254: ;   {static_stub}
  0x000001cb9da66254: 9048 bb00 | 0000 0000 

  0x000001cb9da6625c: ;   {runtime_call}
  0x000001cb9da6625c: 0000 00e9 | fbff ffff 

  0x000001cb9da66264: ;   {static_stub}
  0x000001cb9da66264: 9048 bb00 | 0000 0000 

  0x000001cb9da6626c: ;   {runtime_call}
  0x000001cb9da6626c: 0000 00e9 | fbff ffff 

  0x000001cb9da66274: ;   {static_stub}
  0x000001cb9da66274: 9048 bb00 | 0000 0000 

  0x000001cb9da6627c: ;   {runtime_call}
  0x000001cb9da6627c: 0000 00e9 | fbff ffff 

  0x000001cb9da66284: ;   {static_stub}
  0x000001cb9da66284: 9048 bb00 | 0000 0000 

  0x000001cb9da6628c: ;   {runtime_call}
  0x000001cb9da6628c: 0000 00e9 | fbff ffff 

  0x000001cb9da66294: ;   {static_stub}
  0x000001cb9da66294: 9048 bb00 | 0000 0000 

  0x000001cb9da6629c: ;   {runtime_call}
  0x000001cb9da6629c: 0000 00e9 | fbff ffff 

  0x000001cb9da662a4: ;   {static_stub}
  0x000001cb9da662a4: 9048 bb00 | 0000 0000 

  0x000001cb9da662ac: ;   {runtime_call}
  0x000001cb9da662ac: 0000 00e9 | fbff ffff 

  0x000001cb9da662b4: ;   {static_stub}
  0x000001cb9da662b4: 9048 bb00 | 0000 0000 

  0x000001cb9da662bc: ;   {runtime_call}
  0x000001cb9da662bc: 0000 00e9 | fbff ffff 

  0x000001cb9da662c4: ;   {static_stub}
  0x000001cb9da662c4: 9048 bb00 | 0000 0000 

  0x000001cb9da662cc: ;   {runtime_call}
  0x000001cb9da662cc: 0000 00e9 | fbff ffff 

  0x000001cb9da662d4: ;   {static_stub}
  0x000001cb9da662d4: 9048 bb00 | 0000 0000 

  0x000001cb9da662dc: ;   {runtime_call}
  0x000001cb9da662dc: 0000 00e9 | fbff ffff 

  0x000001cb9da662e4: ;   {static_stub}
  0x000001cb9da662e4: 9048 bb00 | 0000 0000 

  0x000001cb9da662ec: ;   {runtime_call}
  0x000001cb9da662ec: 0000 00e9 | fbff ffff 

  0x000001cb9da662f4: ;   {static_stub}
  0x000001cb9da662f4: 9048 bb00 | 0000 0000 

  0x000001cb9da662fc: ;   {runtime_call}
  0x000001cb9da662fc: 0000 00e9 | fbff ffff 

  0x000001cb9da66304: ;   {static_stub}
  0x000001cb9da66304: 9048 bb00 | 0000 0000 

  0x000001cb9da6630c: ;   {runtime_call}
  0x000001cb9da6630c: 0000 00e9 | fbff ffff 

  0x000001cb9da66314: ;   {static_stub}
  0x000001cb9da66314: 9048 bb00 | 0000 0000 

  0x000001cb9da6631c: ;   {runtime_call}
  0x000001cb9da6631c: 0000 00e9 | fbff ffff 

  0x000001cb9da66324: ;   {static_stub}
  0x000001cb9da66324: 9048 bbe0 | dc01 a6cb 

  0x000001cb9da6632c: ;   {runtime_call I2C/C2I adapters}
  0x000001cb9da6632c: 0100 00e9 | ae13 e2ff 
[Exception Handler]
  0x000001cb9da66334: ;   {runtime_call handle_exception_from_callee Runtime1 stub}
  0x000001cb9da66334: e8c7 dfec 

  0x000001cb9da66338: ;   {external_word}
  0x000001cb9da66338: ff48 b940 | 9a53 9ffa | 7f00 0048 

  0x000001cb9da66344: ;   {runtime_call}
  0x000001cb9da66344: 83e4 f049 | ba60 2d1c | 9ffa 7f00 | 0041 ffd2 

  0x000001cb9da66354: ;   {section_word}
  0x000001cb9da66354: f449 ba55 | 63a6 9dcb | 0100 0041 

  0x000001cb9da66360: ;   {runtime_call DeoptimizationBlob}
  0x000001cb9da66360: 52e9 3a09 | e3ff f4f4 
[/MachCode]


---------------  P R O C E S S  ---------------

Threads class SMR info:
_java_thread_list=0x000001cbaa4523a0, length=11, elements={
0x000001cb9aba48b0, 0x000001cba511a380, 0x000001cba511b110, 0x000001cba5151f20,
0x000001cba5153a00, 0x000001cba51563e0, 0x000001cba5156cb0, 0x000001cba5157630,
0x000001cba51586e0, 0x000001cba546e900, 0x000001cba54730a0
}

Java Threads: ( => current thread )
=>0x000001cb9aba48b0 JavaThread "main" [_thread_in_vm, id=21288, stack(0x00000046a8f00000,0x00000046a9000000)]
  0x000001cba511a380 JavaThread "Reference Handler" daemon [_thread_blocked, id=21308, stack(0x00000046a9600000,0x00000046a9700000)]
  0x000001cba511b110 JavaThread "Finalizer" daemon [_thread_blocked, id=20248, stack(0x00000046a9700000,0x00000046a9800000)]
  0x000001cba5151f20 JavaThread "Signal Dispatcher" daemon [_thread_blocked, id=22708, stack(0x00000046a9800000,0x00000046a9900000)]
  0x000001cba5153a00 JavaThread "Attach Listener" daemon [_thread_blocked, id=22712, stack(0x00000046a9900000,0x00000046a9a00000)]
  0x000001cba51563e0 JavaThread "Service Thread" daemon [_thread_blocked, id=22716, stack(0x00000046a9a00000,0x00000046a9b00000)]
  0x000001cba5156cb0 JavaThread "Monitor Deflation Thread" daemon [_thread_blocked, id=22720, stack(0x00000046a9b00000,0x00000046a9c00000)]
  0x000001cba5157630 JavaThread "C1 CompilerThread0" daemon [_thread_blocked, id=22724, stack(0x00000046a9c00000,0x00000046a9d00000)]
  0x000001cba51586e0 JavaThread "Sweeper thread" daemon [_thread_blocked, id=23120, stack(0x00000046a9d00000,0x00000046a9e00000)]
  0x000001cba546e900 JavaThread "Notification Thread" daemon [_thread_blocked, id=24468, stack(0x00000046a9e00000,0x00000046a9f00000)]
  0x000001cba54730a0 JavaThread "Common-Cleaner" daemon [_thread_blocked, id=24508, stack(0x00000046aa000000,0x00000046aa100000)]

Other Threads:
  0x000001cba50cc1a0 VMThread "VM Thread" [stack: 0x00000046a9500000,0x00000046a9600000] [id=19460]
  0x000001cba5470df0 WatcherThread [stack: 0x00000046a9f00000,0x00000046aa000000] [id=24472]
  0x000001cb9abe1610 GCTaskThread "GC Thread#0" [stack: 0x00000046a9000000,0x00000046a9100000] [id=21356]
  0x000001cba53e3ea0 GCTaskThread "GC Thread#1" [stack: 0x00000046a8c00000,0x00000046a8d00000] [id=10900]
  0x000001cba53e4160 GCTaskThread "GC Thread#2" [stack: 0x00000046a8d00000,0x00000046a8e00000] [id=18232]
  0x000001cba5974850 GCTaskThread "GC Thread#3" [stack: 0x00000046a8e00000,0x00000046a8f00000] [id=25828]
  0x000001cb9abea470 ConcurrentGCThread "G1 Main Marker" [stack: 0x00000046a9100000,0x00000046a9200000] [id=21360]
  0x000001cb9abeada0 ConcurrentGCThread "G1 Conc#0" [stack: 0x00000046a9200000,0x00000046a9300000] [id=21364]
  0x000001cb9ac551a0 ConcurrentGCThread "G1 Refine#0" [stack: 0x00000046a9300000,0x00000046a9400000] [id=21368]
  0x000001cb9ac55ae0 ConcurrentGCThread "G1 Service" [stack: 0x00000046a9400000,0x00000046a9500000] [id=21372]

Threads with active compile tasks:

VM state: not at safepoint (normal execution)

VM Mutex/Monitor currently owned by a thread:  ([mutex/lock_event])
[0x000001cb989dbcb0] Metaspace_lock - owner thread: 0x000001cb9aba48b0

Heap address: 0x00000000c0000000, size: 1024 MB, Compressed Oops mode: 32-bit

CDS archive(s) not mapped
Compressed class space mapped at: 0x0000000100000000-0x0000000140000000, reserved size: 1073741824
Narrow klass base: 0x0000000000000000, Narrow klass shift: 3, Narrow klass range: 0x140000000

GC Precious Log:
 CPUs: 4 total, 4 available
 Memory: 8066M
 Large Page Support: Disabled
 NUMA Support: Disabled
 Compressed Oops: Enabled (32-bit)
 Heap Region Size: 1M
 Heap Min Capacity: 8M
 Heap Initial Capacity: 128M
 Heap Max Capacity: 1G
 Pre-touch: Disabled
 Parallel Workers: 4
 Concurrent Workers: 1
 Concurrent Refinement Workers: 4
 Periodic GC: Disabled

Heap:
 garbage-first heap   total 71680K, used 39503K [0x00000000c0000000, 0x0000000100000000)
  region size 1024K, 18 young (18432K), 2 survivors (2048K)
 Metaspace       used 33058K, committed 33408K, reserved 1114112K
  class space    used 4221K, committed 4416K, reserved 1048576K

Heap Regions: E=young(eden), S=young(survivor), O=old, HS=humongous(starts), HC=humongous(continues), CS=collection set, F=free, OA=open archive, CA=closed archive, TAMS=top-at-mark-start (previous, next)
|   0|0x00000000c0000000, 0x00000000c0100000, 0x00000000c0100000|100%|HS|  |TAMS 0x00000000c0100000, 0x00000000c0000000| Complete 
|   1|0x00000000c0100000, 0x00000000c0200000, 0x00000000c0200000|100%|HC|  |TAMS 0x00000000c0200000, 0x00000000c0100000| Complete 
|   2|0x00000000c0200000, 0x00000000c0300000, 0x00000000c0300000|100%|HC|  |TAMS 0x00000000c0300000, 0x00000000c0200000| Complete 
|   3|0x00000000c0300000, 0x00000000c0400000, 0x00000000c0400000|100%|HC|  |TAMS 0x00000000c0400000, 0x00000000c0300000| Complete 
|   4|0x00000000c0400000, 0x00000000c0500000, 0x00000000c0500000|100%| O|  |TAMS 0x00000000c0500000, 0x00000000c0400000| Untracked 
|   5|0x00000000c0500000, 0x00000000c0600000, 0x00000000c0600000|100%| O|  |TAMS 0x00000000c0600000, 0x00000000c0500000| Untracked 
|   6|0x00000000c0600000, 0x00000000c0700000, 0x00000000c0700000|100%| O|  |TAMS 0x00000000c0700000, 0x00000000c0600000| Untracked 
|   7|0x00000000c0700000, 0x00000000c0800000, 0x00000000c0800000|100%| O|  |TAMS 0x00000000c0800000, 0x00000000c0700000| Untracked 
|   8|0x00000000c0800000, 0x00000000c0900000, 0x00000000c0900000|100%| O|  |TAMS 0x00000000c0900000, 0x00000000c0800000| Untracked 
|   9|0x00000000c0900000, 0x00000000c0a00000, 0x00000000c0a00000|100%| O|  |TAMS 0x00000000c0a00000, 0x00000000c0900000| Untracked 
|  10|0x00000000c0a00000, 0x00000000c0b00000, 0x00000000c0b00000|100%|HS|  |TAMS 0x00000000c0b00000, 0x00000000c0a00000| Complete 
|  11|0x00000000c0b00000, 0x00000000c0c00000, 0x00000000c0c00000|100%|HC|  |TAMS 0x00000000c0c00000, 0x00000000c0b00000| Complete 
|  12|0x00000000c0c00000, 0x00000000c0d00000, 0x00000000c0d00000|100%| O|  |TAMS 0x00000000c0d00000, 0x00000000c0c00000| Untracked 
|  13|0x00000000c0d00000, 0x00000000c0d00000, 0x00000000c0e00000|  0%| F|  |TAMS 0x00000000c0d00000, 0x00000000c0d00000| Untracked 
|  14|0x00000000c0e00000, 0x00000000c0f00000, 0x00000000c0f00000|100%| O|  |TAMS 0x00000000c0e00000, 0x00000000c0e00000| Untracked 
|  15|0x00000000c0f00000, 0x00000000c1000000, 0x00000000c1000000|100%| O|  |TAMS 0x00000000c0f00000, 0x00000000c0f00000| Untracked 
|  16|0x00000000c1000000, 0x00000000c1100000, 0x00000000c1100000|100%| O|  |TAMS 0x00000000c1000000, 0x00000000c1000000| Untracked 
|  17|0x00000000c1100000, 0x00000000c1200000, 0x00000000c1200000|100%| O|  |TAMS 0x00000000c1100000, 0x00000000c1100000| Untracked 
|  18|0x00000000c1200000, 0x00000000c1300000, 0x00000000c1300000|100%| O|  |TAMS 0x00000000c1200000, 0x00000000c1200000| Untracked 
|  19|0x00000000c1300000, 0x00000000c1400000, 0x00000000c1400000|100%| O|  |TAMS 0x00000000c1300000, 0x00000000c1300000| Untracked 
|  20|0x00000000c1400000, 0x00000000c1500000, 0x00000000c1500000|100%| O|  |TAMS 0x00000000c1400000, 0x00000000c1400000| Untracked 
|  21|0x00000000c1500000, 0x00000000c1600000, 0x00000000c1600000|100%| O|  |TAMS 0x00000000c1500000, 0x00000000c1500000| Untracked 
|  22|0x00000000c1600000, 0x00000000c1700000, 0x00000000c1700000|100%| O|  |TAMS 0x00000000c1600000, 0x00000000c1600000| Untracked 
|  23|0x00000000c1700000, 0x00000000c17b7e00, 0x00000000c1800000| 71%| O|  |TAMS 0x00000000c1700000, 0x00000000c1700000| Untracked 
|  24|0x00000000c1800000, 0x00000000c1800000, 0x00000000c1900000|  0%| F|  |TAMS 0x00000000c1800000, 0x00000000c1800000| Untracked 
|  25|0x00000000c1900000, 0x00000000c1900000, 0x00000000c1a00000|  0%| F|  |TAMS 0x00000000c1900000, 0x00000000c1900000| Untracked 
|  26|0x00000000c1a00000, 0x00000000c1a00000, 0x00000000c1b00000|  0%| F|  |TAMS 0x00000000c1a00000, 0x00000000c1a00000| Untracked 
|  27|0x00000000c1b00000, 0x00000000c1b00000, 0x00000000c1c00000|  0%| F|  |TAMS 0x00000000c1b00000, 0x00000000c1b00000| Untracked 
|  28|0x00000000c1c00000, 0x00000000c1c00000, 0x00000000c1d00000|  0%| F|  |TAMS 0x00000000c1c00000, 0x00000000c1c00000| Untracked 
|  29|0x00000000c1d00000, 0x00000000c1d00000, 0x00000000c1e00000|  0%| F|  |TAMS 0x00000000c1d00000, 0x00000000c1d00000| Untracked 
|  30|0x00000000c1e00000, 0x00000000c1e00000, 0x00000000c1f00000|  0%| F|  |TAMS 0x00000000c1e00000, 0x00000000c1e00000| Untracked 
|  31|0x00000000c1f00000, 0x00000000c1f00000, 0x00000000c2000000|  0%| F|  |TAMS 0x00000000c1f00000, 0x00000000c1f00000| Untracked 
|  32|0x00000000c2000000, 0x00000000c2000000, 0x00000000c2100000|  0%| F|  |TAMS 0x00000000c2000000, 0x00000000c2000000| Untracked 
|  33|0x00000000c2100000, 0x00000000c2100000, 0x00000000c2200000|  0%| F|  |TAMS 0x00000000c2100000, 0x00000000c2100000| Untracked 
|  34|0x00000000c2200000, 0x00000000c2200000, 0x00000000c2300000|  0%| F|  |TAMS 0x00000000c2200000, 0x00000000c2200000| Untracked 
|  35|0x00000000c2300000, 0x00000000c2300000, 0x00000000c2400000|  0%| F|  |TAMS 0x00000000c2300000, 0x00000000c2300000| Untracked 
|  36|0x00000000c2400000, 0x00000000c2400000, 0x00000000c2500000|  0%| F|  |TAMS 0x00000000c2400000, 0x00000000c2400000| Untracked 
|  37|0x00000000c2500000, 0x00000000c2500000, 0x00000000c2600000|  0%| F|  |TAMS 0x00000000c2500000, 0x00000000c2500000| Untracked 
|  38|0x00000000c2600000, 0x00000000c2600000, 0x00000000c2700000|  0%| F|  |TAMS 0x00000000c2600000, 0x00000000c2600000| Untracked 
|  39|0x00000000c2700000, 0x00000000c2700000, 0x00000000c2800000|  0%| F|  |TAMS 0x00000000c2700000, 0x00000000c2700000| Untracked 
|  40|0x00000000c2800000, 0x00000000c2800000, 0x00000000c2900000|  0%| F|  |TAMS 0x00000000c2800000, 0x00000000c2800000| Untracked 
|  41|0x00000000c2900000, 0x00000000c2900000, 0x00000000c2a00000|  0%| F|  |TAMS 0x00000000c2900000, 0x00000000c2900000| Untracked 
|  42|0x00000000c2a00000, 0x00000000c2a00000, 0x00000000c2b00000|  0%| F|  |TAMS 0x00000000c2a00000, 0x00000000c2a00000| Untracked 
|  43|0x00000000c2b00000, 0x00000000c2bdc140, 0x00000000c2c00000| 85%| S|CS|TAMS 0x00000000c2b00000, 0x00000000c2b00000| Complete 
|  44|0x00000000c2c00000, 0x00000000c2d00000, 0x00000000c2d00000|100%| S|CS|TAMS 0x00000000c2c00000, 0x00000000c2c00000| Complete 
|  45|0x00000000c2d00000, 0x00000000c2d00000, 0x00000000c2e00000|  0%| F|  |TAMS 0x00000000c2d00000, 0x00000000c2d00000| Untracked 
|  46|0x00000000c2e00000, 0x00000000c2e00000, 0x00000000c2f00000|  0%| F|  |TAMS 0x00000000c2e00000, 0x00000000c2e00000| Untracked 
|  47|0x00000000c2f00000, 0x00000000c2f00000, 0x00000000c3000000|  0%| F|  |TAMS 0x00000000c2f00000, 0x00000000c2f00000| Untracked 
|  48|0x00000000c3000000, 0x00000000c3000000, 0x00000000c3100000|  0%| F|  |TAMS 0x00000000c3000000, 0x00000000c3000000| Untracked 
|  49|0x00000000c3100000, 0x00000000c3100000, 0x00000000c3200000|  0%| F|  |TAMS 0x00000000c3100000, 0x00000000c3100000| Untracked 
|  50|0x00000000c3200000, 0x00000000c3200000, 0x00000000c3300000|  0%| F|  |TAMS 0x00000000c3200000, 0x00000000c3200000| Untracked 
|  51|0x00000000c3300000, 0x00000000c3300000, 0x00000000c3400000|  0%| F|  |TAMS 0x00000000c3300000, 0x00000000c3300000| Untracked 
|  52|0x00000000c3400000, 0x00000000c3400000, 0x00000000c3500000|  0%| F|  |TAMS 0x00000000c3400000, 0x00000000c3400000| Untracked 
|  53|0x00000000c3500000, 0x00000000c3500000, 0x00000000c3600000|  0%| F|  |TAMS 0x00000000c3500000, 0x00000000c3500000| Untracked 
|  54|0x00000000c3600000, 0x00000000c3674ba8, 0x00000000c3700000| 45%| E|  |TAMS 0x00000000c3600000, 0x00000000c3600000| Complete 
|  55|0x00000000c3700000, 0x00000000c3800000, 0x00000000c3800000|100%| E|CS|TAMS 0x00000000c3700000, 0x00000000c3700000| Complete 
|  56|0x00000000c3800000, 0x00000000c3900000, 0x00000000c3900000|100%| E|  |TAMS 0x00000000c3800000, 0x00000000c3800000| Complete 
|  57|0x00000000c3900000, 0x00000000c3a00000, 0x00000000c3a00000|100%| E|CS|TAMS 0x00000000c3900000, 0x00000000c3900000| Complete 
|  58|0x00000000c3a00000, 0x00000000c3b00000, 0x00000000c3b00000|100%| E|CS|TAMS 0x00000000c3a00000, 0x00000000c3a00000| Complete 
|  59|0x00000000c3b00000, 0x00000000c3c00000, 0x00000000c3c00000|100%| E|CS|TAMS 0x00000000c3b00000, 0x00000000c3b00000| Complete 
|  60|0x00000000c3c00000, 0x00000000c3d00000, 0x00000000c3d00000|100%| E|CS|TAMS 0x00000000c3c00000, 0x00000000c3c00000| Complete 
|  61|0x00000000c3d00000, 0x00000000c3e00000, 0x00000000c3e00000|100%| E|CS|TAMS 0x00000000c3d00000, 0x00000000c3d00000| Complete 
|  62|0x00000000c3e00000, 0x00000000c3f00000, 0x00000000c3f00000|100%| E|CS|TAMS 0x00000000c3e00000, 0x00000000c3e00000| Complete 
|  79|0x00000000c4f00000, 0x00000000c5000000, 0x00000000c5000000|100%| E|CS|TAMS 0x00000000c4f00000, 0x00000000c4f00000| Complete 
|  80|0x00000000c5000000, 0x00000000c5100000, 0x00000000c5100000|100%| E|CS|TAMS 0x00000000c5000000, 0x00000000c5000000| Complete 
|  81|0x00000000c5100000, 0x00000000c5200000, 0x00000000c5200000|100%| E|CS|TAMS 0x00000000c5100000, 0x00000000c5100000| Complete 
|  82|0x00000000c5200000, 0x00000000c5300000, 0x00000000c5300000|100%| E|CS|TAMS 0x00000000c5200000, 0x00000000c5200000| Complete 
|  83|0x00000000c5300000, 0x00000000c5400000, 0x00000000c5400000|100%| E|CS|TAMS 0x00000000c5300000, 0x00000000c5300000| Complete 
|  84|0x00000000c5400000, 0x00000000c5500000, 0x00000000c5500000|100%| E|CS|TAMS 0x00000000c5400000, 0x00000000c5400000| Complete 
| 127|0x00000000c7f00000, 0x00000000c8000000, 0x00000000c8000000|100%| E|CS|TAMS 0x00000000c7f00000, 0x00000000c7f00000| Complete 

Card table byte_map: [0x000001cba0840000,0x000001cba0a40000] _byte_map_base: 0x000001cba0240000

Marking Bits (Prev, Next): (CMBitMap*) 0x000001cb9abe1b80, (CMBitMap*) 0x000001cb9abe1b40
 Prev Bits: [0x000001cba1c40000, 0x000001cba2c40000)
 Next Bits: [0x000001cba0c40000, 0x000001cba1c40000)

Polling page: 0x000001cb98b00000

Metaspace:

Usage:
  Non-class:     28.16 MB used.
      Class:      4.12 MB used.
       Both:     32.28 MB used.

Virtual space:
  Non-class space:       64.00 MB reserved,      28.31 MB ( 44%) committed,  1 nodes.
      Class space:        1.00 GB reserved,       4.31 MB ( <1%) committed,  1 nodes.
             Both:        1.06 GB reserved,      32.62 MB (  3%) committed. 

Chunk freelists:
   Non-Class:  3.23 MB
       Class:  11.58 MB
        Both:  14.81 MB

MaxMetaspaceSize: unlimited
CompressedClassSpaceSize: 1.00 GB
Initial GC threshold: 21.00 MB
Current GC threshold: 35.12 MB
CDS: off
MetaspaceReclaimPolicy: balanced
 - commit_granule_bytes: 65536.
 - commit_granule_words: 8192.
 - virtual_space_node_default_size: 8388608.
 - enlarge_chunks_in_place: 1.
 - new_chunks_are_fully_committed: 0.
 - uncommit_free_chunks: 1.
 - use_allocation_guard: 0.
 - handle_deallocations: 1.


Internal statistics:

num_allocs_failed_limit: 3.
num_arena_births: 424.
num_arena_deaths: 0.
num_vsnodes_births: 2.
num_vsnodes_deaths: 0.
num_space_committed: 522.
num_space_uncommitted: 0.
num_chunks_returned_to_freelist: 3.
num_chunks_taken_from_freelist: 1328.
num_chunk_merges: 3.
num_chunk_splits: 923.
num_chunks_enlarged: 696.
num_inconsistent_stats: 0.

CodeCache: size=49152Kb used=5857Kb max_used=6679Kb free=43294Kb
 bounds [0x000001cb9d840000, 0x000001cb9dee0000, 0x000001cba0840000]
 total_blobs=3637 nmethods=3116 adapters=447
 compilation: enabled
              stopped_count=0, restarted_count=0
 full_count=0

Compilation events (20 events):
Event: 483.668 Thread 0x000001cba5157630 3107       1       java.lang.invoke.LambdaForm$DMH/0x0000000100198400::newInvokeSpecial (30 bytes)
Event: 483.668 Thread 0x000001cba5157630 nmethod 3107 0x000001cb9deae510 code [0x000001cb9deae6c0, 0x000001cb9deae868]
Event: 485.103 Thread 0x000001cba5157630 3108  s    1       java.io.ByteArrayInputStream::read (73 bytes)
Event: 485.104 Thread 0x000001cba5157630 nmethod 3108 0x000001cb9deadb10 code [0x000001cb9deadce0, 0x000001cb9deae0b8]
Event: 485.104 Thread 0x000001cba5157630 3109       1       sun.security.util.DerInputStream::<init> (10 bytes)
Event: 485.104 Thread 0x000001cba5157630 nmethod 3109 0x000001cb9dead790 code [0x000001cb9dead920, 0x000001cb9deada08]
Event: 485.104 Thread 0x000001cba5157630 3110       1       sun.security.util.BitArray::subscript (5 bytes)
Event: 485.105 Thread 0x000001cba5157630 nmethod 3110 0x000001cb9dead490 code [0x000001cb9dead620, 0x000001cb9dead6f8]
Event: 485.105 Thread 0x000001cba5157630 3111       1       sun.security.util.BitArray::position (10 bytes)
Event: 485.105 Thread 0x000001cba5157630 nmethod 3111 0x000001cb9dead190 code [0x000001cb9dead320, 0x000001cb9dead3f8]
Event: 485.105 Thread 0x000001cba5157630 3112       1       java.math.BigInteger::intArrayCmpToLen (55 bytes)
Event: 485.105 Thread 0x000001cba5157630 nmethod 3112 0x000001cb9deacd10 code [0x000001cb9deacec0, 0x000001cb9dead078]
Event: 485.105 Thread 0x000001cba5157630 3113       1       sun.security.provider.ByteArrayAccess::i2bBig4 (10 bytes)
Event: 485.105 Thread 0x000001cba5157630 nmethod 3113 0x000001cb9deac890 code [0x000001cb9deaca40, 0x000001cb9deacb98]
Event: 485.106 Thread 0x000001cba5157630 3114       1       java.math.MutableBigInteger::normalize (91 bytes)
Event: 485.107 Thread 0x000001cba5157630 nmethod 3114 0x000001cb9deac410 code [0x000001cb9deac5c0, 0x000001cb9deac798]
Event: 485.108 Thread 0x000001cba5157630 3115       1       java.security.MessageDigest::isEqual (100 bytes)
Event: 485.108 Thread 0x000001cba5157630 nmethod 3115 0x000001cb9deabf90 code [0x000001cb9deac140, 0x000001cb9deac338]
Event: 485.110 Thread 0x000001cba5157630 3116       1       java.security.Provider::getName (5 bytes)
Event: 485.110 Thread 0x000001cba5157630 nmethod 3116 0x000001cb9deabc90 code [0x000001cb9deabe20, 0x000001cb9deabef8]

GC Heap History (14 events):
Event: 197.601 GC heap before
{Heap before GC invocations=0 (full 0):
 garbage-first heap   total 131072K, used 16384K [0x00000000c0000000, 0x0000000100000000)
  region size 1024K, 13 young (13312K), 0 survivors (0K)
 Metaspace       used 5762K, committed 5888K, reserved 1114112K
  class space    used 552K, committed 640K, reserved 1048576K
}
Event: 197.638 GC heap after
{Heap after GC invocations=1 (full 0):
 garbage-first heap   total 131072K, used 12015K [0x00000000c0000000, 0x0000000100000000)
  region size 1024K, 2 young (2048K), 2 survivors (2048K)
 Metaspace       used 5762K, committed 5888K, reserved 1114112K
  class space    used 552K, committed 640K, reserved 1048576K
}
Event: 227.924 GC heap before
{Heap before GC invocations=1 (full 0):
 garbage-first heap   total 131072K, used 22255K [0x00000000c0000000, 0x0000000100000000)
  region size 1024K, 10 young (10240K), 2 survivors (2048K)
 Metaspace       used 7858K, committed 8000K, reserved 1114112K
  class space    used 840K, committed 896K, reserved 1048576K
}
Event: 227.928 GC heap after
{Heap after GC invocations=2 (full 0):
 garbage-first heap   total 131072K, used 15670K [0x00000000c0000000, 0x0000000100000000)
  region size 1024K, 2 young (2048K), 2 survivors (2048K)
 Metaspace       used 7858K, committed 8000K, reserved 1114112K
  class space    used 840K, committed 896K, reserved 1048576K
}
Event: 275.994 GC heap before
{Heap before GC invocations=2 (full 0):
 garbage-first heap   total 131072K, used 31030K [0x00000000c0000000, 0x0000000100000000)
  region size 1024K, 17 young (17408K), 2 survivors (2048K)
 Metaspace       used 11951K, committed 12224K, reserved 1114112K
  class space    used 1461K, committed 1600K, reserved 1048576K
}
Event: 275.997 GC heap after
{Heap after GC invocations=3 (full 0):
 garbage-first heap   total 131072K, used 16715K [0x00000000c0000000, 0x0000000100000000)
  region size 1024K, 3 young (3072K), 3 survivors (3072K)
 Metaspace       used 11951K, committed 12224K, reserved 1114112K
  class space    used 1461K, committed 1600K, reserved 1048576K
}
Event: 310.359 GC heap before
{Heap before GC invocations=3 (full 0):
 garbage-first heap   total 131072K, used 56651K [0x00000000c0000000, 0x0000000100000000)
  region size 1024K, 43 young (44032K), 3 survivors (3072K)
 Metaspace       used 21289K, committed 21504K, reserved 1114112K
  class space    used 2613K, committed 2752K, reserved 1048576K
}
Event: 310.384 GC heap after
{Heap after GC invocations=4 (full 0):
 garbage-first heap   total 131072K, used 20211K [0x00000000c0000000, 0x0000000100000000)
  region size 1024K, 6 young (6144K), 6 survivors (6144K)
 Metaspace       used 21289K, committed 21504K, reserved 1114112K
  class space    used 2613K, committed 2752K, reserved 1048576K
}
Event: 340.132 GC heap before
{Heap before GC invocations=5 (full 0):
 garbage-first heap   total 71680K, used 56051K [0x00000000c0000000, 0x0000000100000000)
  region size 1024K, 42 young (43008K), 6 survivors (6144K)
 Metaspace       used 27511K, committed 27776K, reserved 1114112K
  class space    used 3436K, committed 3520K, reserved 1048576K
}
Event: 340.141 GC heap after
{Heap after GC invocations=6 (full 0):
 garbage-first heap   total 71680K, used 23581K [0x00000000c0000000, 0x0000000100000000)
  region size 1024K, 4 young (4096K), 4 survivors (4096K)
 Metaspace       used 27511K, committed 27776K, reserved 1114112K
  class space    used 3436K, committed 3520K, reserved 1048576K
}
Event: 345.029 GC heap before
{Heap before GC invocations=6 (full 0):
 garbage-first heap   total 71680K, used 23581K [0x00000000c0000000, 0x0000000100000000)
  region size 1024K, 5 young (5120K), 4 survivors (4096K)
 Metaspace       used 27766K, committed 28032K, reserved 1114112K
  class space    used 3457K, committed 3584K, reserved 1048576K
}
Event: 345.039 GC heap after
{Heap after GC invocations=7 (full 0):
 garbage-first heap   total 71680K, used 23916K [0x00000000c0000000, 0x0000000100000000)
  region size 1024K, 1 young (1024K), 1 survivors (1024K)
 Metaspace       used 27766K, committed 28032K, reserved 1114112K
  class space    used 3457K, committed 3584K, reserved 1048576K
}
Event: 417.856 GC heap before
{Heap before GC invocations=7 (full 0):
 garbage-first heap   total 71680K, used 47468K [0x00000000c0000000, 0x0000000100000000)
  region size 1024K, 25 young (25600K), 1 survivors (1024K)
 Metaspace       used 31507K, committed 31872K, reserved 1114112K
  class space    used 3987K, committed 4160K, reserved 1048576K
}
Event: 417.862 GC heap after
{Heap after GC invocations=8 (full 0):
 garbage-first heap   total 71680K, used 25167K [0x00000000c0000000, 0x0000000100000000)
  region size 1024K, 2 young (2048K), 2 survivors (2048K)
 Metaspace       used 31507K, committed 31872K, reserved 1114112K
  class space    used 3987K, committed 4160K, reserved 1048576K
}

Dll operation events (6 events):
Event: 0.705 Loaded shared library c:\Users\HP\.vscode\extensions\redhat.java-1.29.0-win32-x64\jre\17.0.10-win32-x86_64\bin\java.dll
Event: 69.780 Loaded shared library C:\Users\HP\.vscode\extensions\redhat.java-1.29.0-win32-x64\jre\17.0.10-win32-x86_64\bin\net.dll
Event: 69.829 Loaded shared library C:\Users\HP\.vscode\extensions\redhat.java-1.29.0-win32-x64\jre\17.0.10-win32-x86_64\bin\nio.dll
Event: 69.867 Loaded shared library C:\Users\HP\.vscode\extensions\redhat.java-1.29.0-win32-x64\jre\17.0.10-win32-x86_64\bin\zip.dll
Event: 189.006 Loaded shared library C:\Users\HP\.vscode\extensions\redhat.java-1.29.0-win32-x64\jre\17.0.10-win32-x86_64\bin\jimage.dll
Event: 306.969 Loaded shared library c:\Users\HP\.vscode\extensions\redhat.java-1.29.0-win32-x64\jre\17.0.10-win32-x86_64\bin\verify.dll

Deoptimization events (0 events):
No events

Classes unloaded (0 events):
No events

Classes redefined (0 events):
No events

Internal exceptions (20 events):
Event: 353.054 Thread 0x000001cb9aba48b0 Exception <a 'java/lang/NoSuchMethodError'{0x00000000c3a14db0}: 'java.lang.Object java.lang.invoke.DirectMethodHandle$Holder.invokeSpecial(java.lang.Object, java.lang.Object, java.lang.Object, java.lang.Object, java.lang.Object, java.lang.Object, java.lang.Object, java.lang.Object, java.lang.Object)'> (0x00000000c3a14db0) 
thrown [s\src\hotspot\share\interpreter\linkResolver.cpp, line 759]
Event: 353.057 Thread 0x000001cb9aba48b0 Exception <a 'java/lang/NoSuchMethodError'{0x00000000c3a3b7f8}: 'java.lang.Object java.lang.invoke.DirectMethodHandle$Holder.invokeSpecial(java.lang.Object, java.lang.Object, java.lang.Object, java.lang.Object, java.lang.Object, java.lang.Object, java.lang.Object, java.lang.Object, java.lang.Object, java.lang.Object, java.lang.Object, java.lang.Object, java.lang.Object, java.lang.Object)'> (0x00000000c3a3b7f8) 
thrown [s\src\hotspot\share\interpreter\linkResolver.cpp, line 759]
Event: 353.058 Thread 0x000001cb9aba48b0 Exception <a 'java/lang/NoSuchMethodError'{0x00000000c3a404c8}: 'java.lang.Object java.lang.invoke.Invokers$Holder.invoker(java.lang.Object, java.lang.Object, java.lang.Object, java.lang.Object, java.lang.Object, java.lang.Object, java.lang.Object, java.lang.Object, java.lang.Object, java.lang.Object, java.lang.Object, java.lang.Object, java.lang.Object, java.lang.Object)'> (0x00000000c3a404c8) 
thrown [s\src\hotspot\share\interpreter\linkResolver.cpp, line 759]
Event: 353.058 Thread 0x000001cb9aba48b0 Exception <a 'java/lang/NoSuchMethodError'{0x00000000c3a46138}: 'java.lang.Object java.lang.invoke.DirectMethodHandle$Holder.invokeSpecial(java.lang.Object, java.lang.Object, java.lang.Object, java.lang.Object, java.lang.Object, java.lang.Object, java.lang.Object, java.lang.Object, java.lang.Object, java.lang.Object, java.lang.Object, java.lang.Object, java.lang.Object, java.lang.Object, java.lang.Object)'> (0x00000000c3a46138) 
thrown [s\src\hotspot\share\interpreter\linkResolver.cpp, line 759]
Event: 353.077 Thread 0x000001cb9aba48b0 Exception <a 'java/lang/NoSuchMethodError'{0x00000000c3a55cf0}: 'int java.lang.invoke.DirectMethodHandle$Holder.invokeVirtual(java.lang.Object, java.lang.Object, java.lang.Object)'> (0x00000000c3a55cf0) 
thrown [s\src\hotspot\share\interpreter\linkResolver.cpp, line 759]
Event: 353.078 Thread 0x000001cb9aba48b0 Exception <a 'java/lang/NoSuchMethodError'{0x00000000c3a5a190}: 'int java.lang.invoke.DirectMethodHandle$Holder.invokeStaticInit(java.lang.Object, int, int)'> (0x00000000c3a5a190) 
thrown [s\src\hotspot\share\interpreter\linkResolver.cpp, line 759]
Event: 353.078 Thread 0x000001cb9aba48b0 Exception <a 'java/lang/NoSuchMethodError'{0x00000000c3a61a78}: 'int java.lang.invoke.DirectMethodHandle$Holder.invokeStaticInit(java.lang.Object, long, long)'> (0x00000000c3a61a78) 
thrown [s\src\hotspot\share\interpreter\linkResolver.cpp, line 759]
Event: 353.079 Thread 0x000001cb9aba48b0 Exception <a 'java/lang/NoSuchMethodError'{0x00000000c3a688c8}: 'int java.lang.invoke.DirectMethodHandle$Holder.invokeStaticInit(java.lang.Object, float, float)'> (0x00000000c3a688c8) 
thrown [s\src\hotspot\share\interpreter\linkResolver.cpp, line 759]
Event: 353.079 Thread 0x000001cb9aba48b0 Exception <a 'java/lang/NoSuchMethodError'{0x00000000c3a6f858}: 'int java.lang.invoke.DirectMethodHandle$Holder.invokeStaticInit(java.lang.Object, double, double)'> (0x00000000c3a6f858) 
thrown [s\src\hotspot\share\interpreter\linkResolver.cpp, line 759]
Event: 353.080 Thread 0x000001cb9aba48b0 Exception <a 'java/lang/NoSuchMethodError'{0x00000000c3a73e28}: 'int java.lang.invoke.DirectMethodHandle$Holder.invokeStatic(java.lang.Object, long)'> (0x00000000c3a73e28) 
thrown [s\src\hotspot\share\interpreter\linkResolver.cpp, line 759]
Event: 353.083 Thread 0x000001cb9aba48b0 Exception <a 'java/lang/NoSuchMethodError'{0x00000000c3a98950}: 'int java.lang.invoke.DirectMethodHandle$Holder.invokeSpecial(java.lang.Object, java.lang.Object, int)'> (0x00000000c3a98950) 
thrown [s\src\hotspot\share\interpreter\linkResolver.cpp, line 759]
Event: 353.084 Thread 0x000001cb9aba48b0 Exception <a 'java/lang/NoSuchMethodError'{0x00000000c3aa0248}: 'int java.lang.invoke.Invokers$Holder.linkToTargetMethod(java.lang.Object, java.lang.Object)'> (0x00000000c3aa0248) 
thrown [s\src\hotspot\share\interpreter\linkResolver.cpp, line 759]
Event: 353.576 Thread 0x000001cb9aba48b0 Exception <a 'java/lang/NoSuchMethodError'{0x00000000c39b86c0}: 'java.lang.Object java.lang.invoke.DirectMethodHandle$Holder.invokeSpecial(java.lang.Object, java.lang.Object, java.lang.Object, java.lang.Object, java.lang.Object, java.lang.Object, java.lang.Object, java.lang.Object, java.lang.Object, java.lang.Object)'> (0x00000000c39b86c0) 
thrown [s\src\hotspot\share\interpreter\linkResolver.cpp, line 759]
Event: 353.576 Thread 0x000001cb9aba48b0 Exception <a 'java/lang/NoSuchMethodError'{0x00000000c39bcca8}: 'java.lang.Object java.lang.invoke.Invokers$Holder.invoke_MT(java.lang.Object, java.lang.Object, java.lang.Object, java.lang.Object, java.lang.Object, java.lang.Object, java.lang.Object, java.lang.Object, java.lang.Object, java.lang.Object)'> (0x00000000c39bcca8) 
thrown [s\src\hotspot\share\interpreter\linkResolver.cpp, line 759]
Event: 353.582 Thread 0x000001cb9aba48b0 Exception <a 'java/lang/NoSuchMethodError'{0x00000000c3804300}: 'java.lang.Object java.lang.invoke.DirectMethodHandle$Holder.invokeSpecial(java.lang.Object, java.lang.Object, int, java.lang.Object, java.lang.Object)'> (0x00000000c3804300) 
thrown [s\src\hotspot\share\interpreter\linkResolver.cpp, line 759]
Event: 353.583 Thread 0x000001cb9aba48b0 Exception <a 'java/lang/NoSuchMethodError'{0x00000000c3807fa8}: 'java.lang.Object java.lang.invoke.DelegatingMethodHandle$Holder.delegate(java.lang.Object, int, java.lang.Object, java.lang.Object)'> (0x00000000c3807fa8) 
thrown [s\src\hotspot\share\interpreter\linkResolver.cpp, line 759]
Event: 353.585 Thread 0x000001cb9aba48b0 Exception <a 'java/lang/NoSuchMethodError'{0x00000000c3818e30}: 'int java.lang.invoke.Invokers$Holder.linkToTargetMethod(java.lang.Object, java.lang.Object, java.lang.Object)'> (0x00000000c3818e30) 
thrown [s\src\hotspot\share\interpreter\linkResolver.cpp, line 759]
Event: 354.628 Thread 0x000001cb9aba48b0 Exception <a 'java/lang/NoSuchMethodError'{0x00000000c34d9880}: 'java.lang.Object java.lang.invoke.DirectMethodHandle$Holder.invokeStaticInit(java.lang.Object, int, int, int, int)'> (0x00000000c34d9880) 
thrown [s\src\hotspot\share\interpreter\linkResolver.cpp, line 759]
Event: 411.723 Thread 0x000001cb9aba48b0 Exception <a 'java/lang/NoSuchMethodError'{0x00000000c33c01d8}: 'java.lang.Object java.lang.invoke.DirectMethodHandle$Holder.invokeStaticInit(java.lang.Object, java.lang.Object, int, int, int, int)'> (0x00000000c33c01d8) 
thrown [s\src\hotspot\share\interpreter\linkResolver.cpp, line 759]
Event: 426.727 Thread 0x000001cb9aba48b0 Exception <a 'java/lang/NoSuchMethodError'{0x00000000c530e5c0}: 'void java.lang.invoke.DirectMethodHandle$Holder.invokeSpecialIFC(java.lang.Object, java.lang.Object, java.lang.Object)'> (0x00000000c530e5c0) 
thrown [s\src\hotspot\share\interpreter\linkResolver.cpp, line 759]

VM Operations (20 events):
Event: 427.941 Executing VM operation: Cleanup
Event: 427.942 Executing VM operation: Cleanup done
Event: 428.954 Executing VM operation: Cleanup
Event: 428.954 Executing VM operation: Cleanup done
Event: 431.979 Executing VM operation: Cleanup
Event: 431.979 Executing VM operation: Cleanup done
Event: 435.998 Executing VM operation: Cleanup
Event: 435.998 Executing VM operation: Cleanup done
Event: 444.085 Executing VM operation: Cleanup
Event: 444.085 Executing VM operation: Cleanup done
Event: 448.882 Executing VM operation: HandshakeAllThreads
Event: 448.882 Executing VM operation: HandshakeAllThreads done
Event: 453.929 Executing VM operation: Cleanup
Event: 453.929 Executing VM operation: Cleanup done
Event: 469.058 Executing VM operation: Cleanup
Event: 469.058 Executing VM operation: Cleanup done
Event: 481.146 Executing VM operation: Cleanup
Event: 481.146 Executing VM operation: Cleanup done
Event: 484.161 Executing VM operation: Cleanup
Event: 484.161 Executing VM operation: Cleanup done

Events (20 events):
Event: 426.229 loading class java/util/regex/Pattern$SliceU
Event: 426.229 loading class java/util/regex/Pattern$SliceU done
Event: 426.229 loading class sun/nio/fs/WindowsFileSystem$2
Event: 426.229 loading class sun/nio/fs/WindowsFileSystem$2 done
Event: 428.992 loading class java/util/concurrent/CompletionException
Event: 428.992 loading class java/util/concurrent/CompletionException done
Event: 428.992 loading class java/util/concurrent/CancellationException
Event: 428.992 loading class java/util/concurrent/CancellationException done
Event: 443.305 loading class java/util/regex/Pattern$Caret
Event: 443.305 loading class java/util/regex/Pattern$Caret done
Event: 446.691 loading class java/io/FileReader
Event: 446.691 loading class java/io/FileReader done
Event: 448.881 loading class java/util/concurrent/Executors$FinalizableDelegatedExecutorService
Event: 448.881 loading class java/util/concurrent/Executors$FinalizableDelegatedExecutorService done
Event: 452.978 loading class sun/reflect/generics/repository/FieldRepository
Event: 452.979 loading class sun/reflect/generics/repository/FieldRepository done
Event: 485.289 loading class org/w3c/dom/Node
Event: 485.362 loading class org/w3c/dom/Node done
Event: 485.615 loading class org/w3c/dom/Document
Event: 485.693 loading class org/w3c/dom/Document done


Dynamic libraries:
0x00007ff675650000 - 0x00007ff67565e000 	c:\Users\HP\.vscode\extensions\redhat.java-1.29.0-win32-x64\jre\17.0.10-win32-x86_64\bin\java.exe
0x00007ffb1cc30000 - 0x00007ffb1ce28000 	C:\Windows\SYSTEM32\ntdll.dll
0x00007ffb1c100000 - 0x00007ffb1c1bf000 	C:\Windows\System32\KERNEL32.DLL
0x00007ffb1a500000 - 0x00007ffb1a7da000 	C:\Windows\System32\KERNELBASE.dll
0x00007ffaf6e60000 - 0x00007ffaf6e77000 	c:\Users\HP\.vscode\extensions\redhat.java-1.29.0-win32-x64\jre\17.0.10-win32-x86_64\bin\jli.dll
0x00007ffaec410000 - 0x00007ffaec42b000 	c:\Users\HP\.vscode\extensions\redhat.java-1.29.0-win32-x64\jre\17.0.10-win32-x86_64\bin\VCRUNTIME140.dll
0x00007ffb1b3f0000 - 0x00007ffb1b58d000 	C:\Windows\System32\USER32.dll
0x00007ffb1a440000 - 0x00007ffb1a462000 	C:\Windows\System32\win32u.dll
0x00007ffb0f090000 - 0x00007ffb0f32a000 	C:\Windows\WinSxS\amd64_microsoft.windows.common-controls_6595b64144ccf1df_6.0.19041.1110_none_60b5254171f9507e\COMCTL32.dll
0x00007ffb1bdc0000 - 0x00007ffb1bdeb000 	C:\Windows\System32\GDI32.dll
0x00007ffb1c7c0000 - 0x00007ffb1c85e000 	C:\Windows\System32\msvcrt.dll
0x00007ffb1aae0000 - 0x00007ffb1abf0000 	C:\Windows\System32\gdi32full.dll
0x00007ffb1abf0000 - 0x00007ffb1ac8d000 	C:\Windows\System32\msvcp_win.dll
0x00007ffb1a7e0000 - 0x00007ffb1a8e0000 	C:\Windows\System32\ucrtbase.dll
0x00007ffb1c860000 - 0x00007ffb1c890000 	C:\Windows\System32\IMM32.DLL
0x00007ffaf7550000 - 0x00007ffaf755c000 	c:\Users\HP\.vscode\extensions\redhat.java-1.29.0-win32-x64\jre\17.0.10-win32-x86_64\bin\vcruntime140_1.dll
0x00007ffaa23f0000 - 0x00007ffaa247d000 	c:\Users\HP\.vscode\extensions\redhat.java-1.29.0-win32-x64\jre\17.0.10-win32-x86_64\bin\msvcp140.dll
0x00007ffa9ec10000 - 0x00007ffa9f872000 	c:\Users\HP\.vscode\extensions\redhat.java-1.29.0-win32-x64\jre\17.0.10-win32-x86_64\bin\server\jvm.dll
0x00007ffb1c050000 - 0x00007ffb1c0fe000 	C:\Windows\System32\ADVAPI32.dll
0x00007ffb1bdf0000 - 0x00007ffb1be8c000 	C:\Windows\System32\sechost.dll
0x00007ffb1c470000 - 0x00007ffb1c596000 	C:\Windows\System32\RPCRT4.dll
0x00007ffb1a1b0000 - 0x00007ffb1a1fb000 	C:\Windows\SYSTEM32\POWRPROF.dll
0x00007ffad09f0000 - 0x00007ffad09f9000 	C:\Windows\SYSTEM32\WSOCK32.dll
0x00007ffb1bd50000 - 0x00007ffb1bdbb000 	C:\Windows\System32\WS2_32.dll
0x00007ffb14710000 - 0x00007ffb14737000 	C:\Windows\SYSTEM32\WINMM.dll
0x00007ffb0e3a0000 - 0x00007ffb0e3aa000 	C:\Windows\SYSTEM32\VERSION.dll
0x00007ffb1a190000 - 0x00007ffb1a1a2000 	C:\Windows\SYSTEM32\UMPDC.dll
0x00007ffb18220000 - 0x00007ffb18232000 	C:\Windows\SYSTEM32\kernel.appcore.dll
0x00007ffb15870000 - 0x00007ffb1587a000 	c:\Users\HP\.vscode\extensions\redhat.java-1.29.0-win32-x64\jre\17.0.10-win32-x86_64\bin\jimage.dll
0x00007ffb0ce80000 - 0x00007ffb0d064000 	C:\Windows\SYSTEM32\DBGHELP.DLL
0x00007ffb0cb80000 - 0x00007ffb0cbb4000 	C:\Windows\SYSTEM32\dbgcore.DLL
0x00007ffb1a470000 - 0x00007ffb1a4f2000 	C:\Windows\System32\bcryptPrimitives.dll
0x00007ffa9f990000 - 0x00007ffa9f9b5000 	c:\Users\HP\.vscode\extensions\redhat.java-1.29.0-win32-x64\jre\17.0.10-win32-x86_64\bin\java.dll
0x00007ffaaffe0000 - 0x00007ffaafff8000 	c:\Users\HP\.vscode\extensions\redhat.java-1.29.0-win32-x64\jre\17.0.10-win32-x86_64\bin\zip.dll
0x00007ffb1aca0000 - 0x00007ffb1b3e4000 	C:\Windows\System32\SHELL32.dll
0x00007ffb18420000 - 0x00007ffb18bb3000 	C:\Windows\SYSTEM32\windows.storage.dll
0x00007ffb1c890000 - 0x00007ffb1cbe4000 	C:\Windows\System32\combase.dll
0x00007ffb19d30000 - 0x00007ffb19d5e000 	C:\Windows\SYSTEM32\Wldp.dll
0x00007ffb1c2f0000 - 0x00007ffb1c39d000 	C:\Windows\System32\SHCORE.dll
0x00007ffb1be90000 - 0x00007ffb1bee5000 	C:\Windows\System32\shlwapi.dll
0x00007ffb1a280000 - 0x00007ffb1a29f000 	C:\Windows\SYSTEM32\profapi.dll
0x00007ffa9f970000 - 0x00007ffa9f989000 	C:\Users\HP\.vscode\extensions\redhat.java-1.29.0-win32-x64\jre\17.0.10-win32-x86_64\bin\net.dll
0x00007ffb11fb0000 - 0x00007ffb120ba000 	C:\Windows\SYSTEM32\WINHTTP.dll
0x00007ffb19a90000 - 0x00007ffb19afa000 	C:\Windows\system32\mswsock.dll
0x00007ffa9f950000 - 0x00007ffa9f966000 	C:\Users\HP\.vscode\extensions\redhat.java-1.29.0-win32-x64\jre\17.0.10-win32-x86_64\bin\nio.dll
0x00007ffb15850000 - 0x00007ffb15860000 	c:\Users\HP\.vscode\extensions\redhat.java-1.29.0-win32-x64\jre\17.0.10-win32-x86_64\bin\verify.dll
0x00007ffb19c90000 - 0x00007ffb19ca8000 	C:\Windows\SYSTEM32\CRYPTSP.dll
0x00007ffb19340000 - 0x00007ffb19374000 	C:\Windows\system32\rsaenh.dll
0x00007ffb1a950000 - 0x00007ffb1a977000 	C:\Windows\System32\bcrypt.dll
0x00007ffb1a240000 - 0x00007ffb1a26e000 	C:\Windows\SYSTEM32\USERENV.dll
0x00007ffb19c80000 - 0x00007ffb19c8c000 	C:\Windows\SYSTEM32\CRYPTBASE.dll
0x00007ffb19780000 - 0x00007ffb197bc000 	C:\Windows\SYSTEM32\IPHLPAPI.DLL
0x00007ffb1ac90000 - 0x00007ffb1ac98000 	C:\Windows\System32\NSI.dll
0x00007ffb13510000 - 0x00007ffb13527000 	C:\Windows\SYSTEM32\dhcpcsvc6.DLL
0x00007ffb13d00000 - 0x00007ffb13d1d000 	C:\Windows\SYSTEM32\dhcpcsvc.DLL
0x00007ffb197c0000 - 0x00007ffb1988b000 	C:\Windows\SYSTEM32\DNSAPI.dll

dbghelp: loaded successfully - version: 4.0.5 - missing functions: none
symbol engine: initialized successfully - sym options: 0x614 - pdb path: .;c:\Users\HP\.vscode\extensions\redhat.java-1.29.0-win32-x64\jre\17.0.10-win32-x86_64\bin;C:\Windows\SYSTEM32;C:\Windows\WinSxS\amd64_microsoft.windows.common-controls_6595b64144ccf1df_6.0.19041.1110_none_60b5254171f9507e;c:\Users\HP\.vscode\extensions\redhat.java-1.29.0-win32-x64\jre\17.0.10-win32-x86_64\bin\server

VM Arguments:
jvm_args: -XX:+HeapDumpOnOutOfMemoryError -Xmx1024m -Dsts.lsp.client=vscode -Dsts.log.file=/dev/null -XX:TieredStopAtLevel=1 -Xlog:jni+resolve=off -Dspring.config.location=file:c:\Users\HP\.vscode\extensions\vmware.vscode-spring-boot-1.53.0\language-server\BOOT-INF\classes\application.properties 
java_command: org.springframework.ide.vscode.boot.app.BootLanguageServerBootApp
java_class_path (initial): c:\Users\HP\.vscode\extensions\vmware.vscode-spring-boot-1.53.0\language-server\BOOT-INF\classes;c:\Users\HP\.vscode\extensions\vmware.vscode-spring-boot-1.53.0\language-server\BOOT-INF\lib\annotations-24.1.0.jar;c:\Users\HP\.vscode\extensions\vmware.vscode-spring-boot-1.53.0\language-server\BOOT-INF\lib\antlr4-runtime-4.11.1.jar;c:\Users\HP\.vscode\extensions\vmware.vscode-spring-boot-1.53.0\language-server\BOOT-INF\lib\asm-9.6.jar;c:\Users\HP\.vscode\extensions\vmware.vscode-spring-boot-1.53.0\language-server\BOOT-INF\lib\asm-analysis-9.6.jar;c:\Users\HP\.vscode\extensions\vmware.vscode-spring-boot-1.53.0\language-server\BOOT-INF\lib\asm-tree-9.6.jar;c:\Users\HP\.vscode\extensions\vmware.vscode-spring-boot-1.53.0\language-server\BOOT-INF\lib\asm-util-9.6.jar;c:\Users\HP\.vscode\extensions\vmware.vscode-spring-boot-1.53.0\language-server\BOOT-INF\lib\caffeine-3.1.8.jar;c:\Users\HP\.vscode\extensions\vmware.vscode-spring-boot-1.53.0\language-server\BOOT-INF\lib\checker-qual-3.12.0.jar;c:\Users\HP\.vscode\extensions\vmware.vscode-spring-boot-1.53.0\language-server\BOOT-INF\lib\classgraph-4.8.149.jar;c:\Users\HP\.vscode\extensions\vmware.vscode-spring-boot-1.53.0\language-server\BOOT-INF\lib\commons-codec-1.16.1.jar;c:\Users\HP\.vscode\extensions\vmware.vscode-spring-boot-1.53.0\language-server\BOOT-INF\lib\commons-compress-1.26.0.jar;c:\Users\HP\.vscode\extensions\vmware.vscode-spring-boot-1.53.0\language-server\BOOT-INF\lib\commons-io-2.4.jar;c:\Users\HP\.vscode\extensions\vmware.vscode-spring-boot-1.53.0\language-server\BOOT-INF\lib\commons-java-1.53.0-SNAPSHOT.jar;c:\Users\HP\.vscode\extensions\vmware.vscode-spring-boot-1.53.0\language-server\BOOT-INF\lib\commons-lang3-3.13.0.jar;c:\Users\HP\.vscode\extensions\vmware.vscode-spring-boot-1.53.0\language-server\BOOT-INF\lib\commons-language-server-1.53.0-SNAPSHOT.jar;c:\Users\HP\.vscode\extensions\vmware.vscode-spring-boot-1.53.0\language-server\BOOT-INF\lib\commons-lsp-extensions-1.53.0-
Launcher Type: SUN_STANDARD

[Global flags]
     intx CICompilerCount                          = 3                                         {product} {ergonomic}
     uint ConcGCThreads                            = 1                                         {product} {ergonomic}
     uint G1ConcRefinementThreads                  = 4                                         {product} {ergonomic}
   size_t G1HeapRegionSize                         = 1048576                                   {product} {ergonomic}
    uintx GCDrainStackTargetSize                   = 64                                        {product} {ergonomic}
     bool HeapDumpOnOutOfMemoryError               = true                                   {manageable} {command line}
   size_t InitialHeapSize                          = 134217728                                 {product} {ergonomic}
   size_t MarkStackSize                            = 4194304                                   {product} {ergonomic}
   size_t MaxHeapSize                              = 1073741824                                {product} {command line}
   size_t MaxNewSize                               = 643825664                                 {product} {ergonomic}
   size_t MinHeapDeltaBytes                        = 1048576                                   {product} {ergonomic}
   size_t MinHeapSize                              = 8388608                                   {product} {ergonomic}
    uintx NonProfiledCodeHeapSize                  = 0                                      {pd product} {ergonomic}
     bool ProfileInterpreter                       = false                                  {pd product} {command line}
    uintx ProfiledCodeHeapSize                     = 0                                      {pd product} {ergonomic}
   size_t SoftMaxHeapSize                          = 1073741824                             {manageable} {ergonomic}
     intx TieredStopAtLevel                        = 1                                         {product} {command line}
     bool UseCompressedClassPointers               = true                           {product lp64_product} {ergonomic}
     bool UseCompressedOops                        = true                           {product lp64_product} {ergonomic}
     bool UseG1GC                                  = true                                      {product} {ergonomic}
     bool UseLargePagesIndividualAllocation        = false                                  {pd product} {ergonomic}

Logging:
Log output configuration:
 #0: stdout all=warning,jni+resolve=off uptime,level,tags
 #1: stderr all=off uptime,level,tags

Environment Variables:
JAVA_HOME=C:\Program Files\Java\jdk-17
PATH=C:\Program Files\Common Files\Oracle\Java\javapath;C:\Windows\system32;C:\Windows;C:\Windows\System32\Wbem;C:\Windows\System32\WindowsPowerShell\v1.0\;C:\Windows\System32\OpenSSH\;C:\Program Files\Java\jdk-17;C:\Program Files\apache-maven-3.8.5\bin;C:\Program Files\Git\cmd;C:\xampp\php;C:\composer;C:\ProgramData\ComposerSetup\bin;C:\Program Files (x86)\Common Files\Intuit\QBPOSSDKRuntime;C:\Program Files\nodejs\;C:\Program Files\dotnet\;C:\Program Files\MySQL\MySQL Shell 8.0\bin\;C:\Users\HP\AppData\Local\Microsoft\WindowsApps;C:\Users\HP\AppData\Local\Programs\Microsoft VS Code\bin;C:\Users\HP\AppData\Local\GitHubDesktop\bin;E:\Mfano tuu\flutter\bin;C:\Users\HP\AppData\Roaming\Composer\vendor\bin;C:\Users\HP\AppData\Roaming\npm;C:\Users\HP\AppData\Local\atom\bin;C:\Program Files\JetBrains\IntelliJ IDEA 2023.1.4\bin;;C:\Program Files\JetBrains\PhpStorm 2023.1.4\bin;
USERNAME=HP
OS=Windows_NT
PROCESSOR_IDENTIFIER=Intel64 Family 6 Model 58 Stepping 9, GenuineIntel
TMP=C:\Users\HP\AppData\Local\Temp
TEMP=C:\Users\HP\AppData\Local\Temp



Periodic native trim disabled


---------------  S Y S T E M  ---------------

OS:
 Windows 10 , 64 bit Build 19041 (10.0.19041.2788)
OS uptime: 0 days 4:33 hours

CPU: total 4 (initial active 4) (4 cores per cpu, 1 threads per core) family 6 model 58 stepping 9 microcode 0x21, cx8, cmov, fxsr, mmx, sse, sse2, sse3, ssse3, sse4.1, sse4.2, popcnt, tsc, tscinvbit, avx, aes, erms, clmul, vzeroupper, clflush
Processor Information for all 4 processors :
  Max Mhz: 3401, Current Mhz: 3401, Mhz Limit: 3401

Memory: 4k page, system-wide physical 8066M (1110M free)
TotalPageFile size 32642M (AvailPageFile size 960M)
current process WorkingSet (physical memory assigned to process): 128M, peak: 143M
current process commit charge ("private bytes"): 181M, peak: 223M

vm_info: OpenJDK 64-Bit Server VM (17.0.10+7) for windows-amd64 JRE (17.0.10+7), built on Jan 16 2024 23:25:11 by "admin" with MS VC++ 16.10 / 16.11 (VS2019)

END.
